{"/home/travis/build/npmtest/node-npmtest-js2xmlparser/test.js":{"path":"/home/travis/build/npmtest/node-npmtest-js2xmlparser/test.js","s":{"1":2,"2":2,"3":2,"4":2,"5":2,"6":2,"7":2,"8":1,"9":2,"10":2,"11":1,"12":1,"13":1,"14":1,"15":2,"16":2,"17":2,"18":2,"19":1,"20":1,"21":2,"22":2,"23":2,"24":1,"25":1,"26":1,"27":1,"28":1,"29":1,"30":1,"31":1,"32":1,"33":1,"34":1,"35":1,"36":1,"37":1,"38":1,"39":2,"40":2,"41":1,"42":2,"43":2,"44":1,"45":2,"46":2,"47":1,"48":2,"49":2,"50":1,"51":1,"52":1,"53":1,"54":1},"b":{"1":[2,1,1,1],"2":[1,1,1,1],"3":[1,1],"4":[1,1],"5":[1,1],"6":[1,1],"7":[1,1],"8":[1,1],"9":[1,1],"10":[1,1,1],"11":[1,1],"12":[1,1],"13":[1,1],"14":[1,1],"15":[1,1],"16":[1,1],"17":[1,1]},"f":{"1":2,"2":2,"3":2,"4":2,"5":2,"6":1,"7":1,"8":1,"9":2,"10":2,"11":2,"12":2,"13":1},"fnMap":{"1":{"name":"(anonymous_1)","line":12,"loc":{"start":{"line":12,"column":1},"end":{"line":12,"column":13}}},"2":{"name":"(anonymous_2)","line":19,"loc":{"start":{"line":19,"column":5},"end":{"line":19,"column":17}}},"3":{"name":"(anonymous_3)","line":23,"loc":{"start":{"line":23,"column":24},"end":{"line":23,"column":36}}},"4":{"name":"(anonymous_4)","line":61,"loc":{"start":{"line":61,"column":5},"end":{"line":61,"column":17}}},"5":{"name":"(anonymous_5)","line":82,"loc":{"start":{"line":82,"column":5},"end":{"line":82,"column":17}}},"6":{"name":"(anonymous_6)","line":91,"loc":{"start":{"line":91,"column":77},"end":{"line":94,"column":10}}},"7":{"name":"(anonymous_7)","line":112,"loc":{"start":{"line":112,"column":83},"end":{"line":115,"column":10}},"skip":true},"8":{"name":"(anonymous_8)","line":123,"loc":{"start":{"line":123,"column":77},"end":{"line":126,"column":10}},"skip":true},"9":{"name":"(anonymous_9)","line":139,"loc":{"start":{"line":139,"column":12},"end":{"line":139,"column":40}},"skip":true},"10":{"name":"(anonymous_10)","line":147,"loc":{"start":{"line":147,"column":77},"end":{"line":150,"column":10}},"skip":true},"11":{"name":"(anonymous_11)","line":158,"loc":{"start":{"line":158,"column":83},"end":{"line":161,"column":10}},"skip":true},"12":{"name":"(anonymous_12)","line":169,"loc":{"start":{"line":169,"column":79},"end":{"line":172,"column":10}},"skip":true},"13":{"name":"(anonymous_13)","line":180,"loc":{"start":{"line":180,"column":75},"end":{"line":183,"column":10}},"skip":true}},"statementMap":{"1":{"start":{"line":12,"column":0},"end":{"line":195,"column":5}},"2":{"start":{"line":14,"column":4},"end":{"line":14,"column":14}},"3":{"start":{"line":19,"column":4},"end":{"line":56,"column":9}},"4":{"start":{"line":21,"column":8},"end":{"line":21,"column":19}},"5":{"start":{"line":23,"column":8},"end":{"line":35,"column":13}},"6":{"start":{"line":24,"column":12},"end":{"line":34,"column":13}},"7":{"start":{"line":25,"column":16},"end":{"line":28,"column":30}},"8":{"start":{"line":30,"column":16},"end":{"line":33,"column":27}},"9":{"start":{"line":37,"column":8},"end":{"line":39,"column":21}},"10":{"start":{"line":40,"column":8},"end":{"line":53,"column":9}},"11":{"start":{"line":43,"column":12},"end":{"line":46,"column":14}},"12":{"start":{"line":47,"column":12},"end":{"line":47,"column":18}},"13":{"start":{"line":50,"column":12},"end":{"line":51,"column":46}},"14":{"start":{"line":52,"column":12},"end":{"line":52,"column":18}},"15":{"start":{"line":55,"column":8},"end":{"line":55,"column":35}},"16":{"start":{"line":61,"column":4},"end":{"line":63,"column":9}},"17":{"start":{"line":62,"column":8},"end":{"line":62,"column":15}},"18":{"start":{"line":64,"column":4},"end":{"line":77,"column":5}},"19":{"start":{"line":70,"column":8},"end":{"line":70,"column":14}},"20":{"start":{"line":76,"column":8},"end":{"line":76,"column":14}},"21":{"start":{"line":82,"column":4},"end":{"line":84,"column":9}},"22":{"start":{"line":83,"column":8},"end":{"line":83,"column":15}},"23":{"start":{"line":85,"column":4},"end":{"line":194,"column":5}},"24":{"start":{"line":91,"column":8},"end":{"line":99,"column":10}},"25":{"start":{"line":98,"column":12},"end":{"line":98,"column":35}},"26":{"start":{"line":102,"column":8},"end":{"line":104,"column":63}},"27":{"start":{"line":105,"column":8},"end":{"line":105,"column":14}},"28":{"start":{"line":112,"column":8},"end":{"line":121,"column":10},"skip":true},"29":{"start":{"line":119,"column":12},"end":{"line":119,"column":55},"skip":true},"30":{"start":{"line":120,"column":12},"end":{"line":120,"column":48},"skip":true},"31":{"start":{"line":123,"column":8},"end":{"line":136,"column":10},"skip":true},"32":{"start":{"line":130,"column":12},"end":{"line":130,"column":76},"skip":true},"33":{"start":{"line":131,"column":12},"end":{"line":131,"column":73},"skip":true},"34":{"start":{"line":132,"column":12},"end":{"line":132,"column":74},"skip":true},"35":{"start":{"line":133,"column":12},"end":{"line":133,"column":79},"skip":true},"36":{"start":{"line":134,"column":12},"end":{"line":134,"column":25},"skip":true},"37":{"start":{"line":135,"column":12},"end":{"line":135,"column":45},"skip":true},"38":{"start":{"line":138,"column":8},"end":{"line":145,"column":14},"skip":true},"39":{"start":{"line":143,"column":16},"end":{"line":143,"column":29},"skip":true},"40":{"start":{"line":144,"column":16},"end":{"line":144,"column":55},"skip":true},"41":{"start":{"line":147,"column":8},"end":{"line":156,"column":10},"skip":true},"42":{"start":{"line":154,"column":12},"end":{"line":154,"column":25},"skip":true},"43":{"start":{"line":155,"column":12},"end":{"line":155,"column":45},"skip":true},"44":{"start":{"line":158,"column":8},"end":{"line":167,"column":10},"skip":true},"45":{"start":{"line":165,"column":12},"end":{"line":165,"column":25},"skip":true},"46":{"start":{"line":166,"column":12},"end":{"line":166,"column":48},"skip":true},"47":{"start":{"line":169,"column":8},"end":{"line":178,"column":10},"skip":true},"48":{"start":{"line":176,"column":12},"end":{"line":176,"column":25},"skip":true},"49":{"start":{"line":177,"column":12},"end":{"line":177,"column":46},"skip":true},"50":{"start":{"line":180,"column":8},"end":{"line":189,"column":10},"skip":true},"51":{"start":{"line":187,"column":12},"end":{"line":187,"column":94},"skip":true},"52":{"start":{"line":188,"column":12},"end":{"line":188,"column":48},"skip":true},"53":{"start":{"line":192,"column":8},"end":{"line":192,"column":35},"skip":true},"54":{"start":{"line":193,"column":8},"end":{"line":193,"column":14},"skip":true}},"branchMap":{"1":{"line":25,"type":"binary-expr","locations":[{"start":{"line":25,"column":23},"end":{"line":25,"column":62}},{"start":{"line":26,"column":20},"end":{"line":26,"column":70}},{"start":{"line":27,"column":20},"end":{"line":27,"column":71}},{"start":{"line":28,"column":20},"end":{"line":28,"column":29}}]},"2":{"line":30,"type":"binary-expr","locations":[{"start":{"line":30,"column":23},"end":{"line":30,"column":37}},{"start":{"line":31,"column":20},"end":{"line":31,"column":61}},{"start":{"line":32,"column":20},"end":{"line":32,"column":70}},{"start":{"line":33,"column":20},"end":{"line":33,"column":26}}]},"3":{"line":37,"type":"cond-expr","locations":[{"start":{"line":38,"column":14},"end":{"line":38,"column":20}},{"start":{"line":39,"column":14},"end":{"line":39,"column":20}}]},"4":{"line":40,"type":"switch","locations":[{"start":{"line":42,"column":8},"end":{"line":47,"column":18}},{"start":{"line":49,"column":8},"end":{"line":52,"column":18}}]},"5":{"line":44,"type":"binary-expr","locations":[{"start":{"line":44,"column":16},"end":{"line":44,"column":44}},{"start":{"line":44,"column":48},"end":{"line":44,"column":66}}]},"6":{"line":50,"type":"binary-expr","locations":[{"start":{"line":50,"column":21},"end":{"line":50,"column":49}},{"start":{"line":50,"column":53},"end":{"line":50,"column":72}}]},"7":{"line":64,"type":"switch","locations":[{"start":{"line":69,"column":4},"end":{"line":70,"column":14}},{"start":{"line":75,"column":4},"end":{"line":76,"column":14}}]},"8":{"line":85,"type":"switch","locations":[{"start":{"line":90,"column":4},"end":{"line":105,"column":14}},{"start":{"line":111,"column":4},"end":{"line":193,"column":14},"skip":true}]},"9":{"line":91,"type":"binary-expr","locations":[{"start":{"line":91,"column":42},"end":{"line":91,"column":73}},{"start":{"line":91,"column":77},"end":{"line":99,"column":9}}]},"10":{"line":102,"type":"binary-expr","locations":[{"start":{"line":102,"column":18},"end":{"line":102,"column":32}},{"start":{"line":103,"column":12},"end":{"line":103,"column":53}},{"start":{"line":104,"column":12},"end":{"line":104,"column":61}}]},"11":{"line":112,"type":"binary-expr","locations":[{"start":{"line":112,"column":45},"end":{"line":112,"column":79},"skip":true},{"start":{"line":112,"column":83},"end":{"line":121,"column":9},"skip":true}]},"12":{"line":123,"type":"binary-expr","locations":[{"start":{"line":123,"column":42},"end":{"line":123,"column":73},"skip":true},{"start":{"line":123,"column":77},"end":{"line":136,"column":9},"skip":true}]},"13":{"line":138,"type":"binary-expr","locations":[{"start":{"line":138,"column":48},"end":{"line":138,"column":85},"skip":true},{"start":{"line":139,"column":12},"end":{"line":145,"column":13},"skip":true}]},"14":{"line":147,"type":"binary-expr","locations":[{"start":{"line":147,"column":42},"end":{"line":147,"column":73},"skip":true},{"start":{"line":147,"column":77},"end":{"line":156,"column":9},"skip":true}]},"15":{"line":158,"type":"binary-expr","locations":[{"start":{"line":158,"column":45},"end":{"line":158,"column":79},"skip":true},{"start":{"line":158,"column":83},"end":{"line":167,"column":9},"skip":true}]},"16":{"line":169,"type":"binary-expr","locations":[{"start":{"line":169,"column":43},"end":{"line":169,"column":75},"skip":true},{"start":{"line":169,"column":79},"end":{"line":178,"column":9},"skip":true}]},"17":{"line":180,"type":"binary-expr","locations":[{"start":{"line":180,"column":41},"end":{"line":180,"column":71},"skip":true},{"start":{"line":180,"column":75},"end":{"line":189,"column":9},"skip":true}]}},"code":["/* istanbul instrument in package npmtest_js2xmlparser */","/*jslint","    bitwise: true,","    browser: true,","    maxerr: 8,","    maxlen: 96,","    node: true,","    nomen: true,","    regexp: true,","    stupid: true","*/","(function () {","    'use strict';","    var local;","","","","    // run shared js-env code - pre-init","    (function () {","        // init local","        local = {};","        // init modeJs","        local.modeJs = (function () {","            try {","                return typeof navigator.userAgent === 'string' &&","                    typeof document.querySelector('body') === 'object' &&","                    typeof XMLHttpRequest.prototype.open === 'function' &&","                    'browser';","            } catch (errorCaughtBrowser) {","                return module.exports &&","                    typeof process.versions.node === 'string' &&","                    typeof require('http').createServer === 'function' &&","                    'node';","            }","        }());","        // init global","        local.global = local.modeJs === 'browser'","            ? window","            : global;","        switch (local.modeJs) {","        // re-init local from window.local","        case 'browser':","            local = local.global.utility2.objectSetDefault(","                local.global.utility2_rollup || local.global.local,","                local.global.utility2","            );","            break;","        // re-init local from example.js","        case 'node':","            local = (local.global.utility2_rollup || require('utility2'))","                .requireExampleJsFromReadme();","            break;","        }","        // export local","        local.global.local = local;","    }());","","","","    // run shared js-env code - function","    (function () {","        return;","    }());","    switch (local.modeJs) {","","","","    // run browser js-env code - function","    case 'browser':","        break;","","","","    // run node js-env code - function","    case 'node':","        break;","    }","","","","    // run shared js-env code - post-init","    (function () {","        return;","    }());","    switch (local.modeJs) {","","","","    // run browser js-env code - post-init","    case 'browser':","        local.testCase_browser_nullCase = local.testCase_browser_nullCase || function (","            options,","            onError","        ) {","        /*","         * this function will test browsers's null-case handling-behavior-behavior","         */","            onError(null, options);","        };","","        // run tests","        local.nop(local.modeTest &&","            document.querySelector('#testRunButton1') &&","            document.querySelector('#testRunButton1').click());","        break;","","","","    // run node js-env code - post-init","    /* istanbul ignore next */","    case 'node':","        local.testCase_buildApidoc_default = local.testCase_buildApidoc_default || function (","            options,","            onError","        ) {","        /*","         * this function will test buildApidoc's default handling-behavior-behavior","         */","            options = { modulePathList: module.paths };","            local.buildApidoc(options, onError);","        };","","        local.testCase_buildApp_default = local.testCase_buildApp_default || function (","            options,","            onError","        ) {","        /*","         * this function will test buildApp's default handling-behavior-behavior","         */","            local.testCase_buildReadme_default(options, local.onErrorThrow);","            local.testCase_buildLib_default(options, local.onErrorThrow);","            local.testCase_buildTest_default(options, local.onErrorThrow);","            local.testCase_buildCustomOrg_default(options, local.onErrorThrow);","            options = [];","            local.buildApp(options, onError);","        };","","        local.testCase_buildCustomOrg_default = local.testCase_buildCustomOrg_default ||","            function (options, onError) {","            /*","             * this function will test buildCustomOrg's default handling-behavior","             */","                options = {};","                local.buildCustomOrg(options, onError);","            };","","        local.testCase_buildLib_default = local.testCase_buildLib_default || function (","            options,","            onError","        ) {","        /*","         * this function will test buildLib's default handling-behavior","         */","            options = {};","            local.buildLib(options, onError);","        };","","        local.testCase_buildReadme_default = local.testCase_buildReadme_default || function (","            options,","            onError","        ) {","        /*","         * this function will test buildReadme's default handling-behavior-behavior","         */","            options = {};","            local.buildReadme(options, onError);","        };","","        local.testCase_buildTest_default = local.testCase_buildTest_default || function (","            options,","            onError","        ) {","        /*","         * this function will test buildTest's default handling-behavior","         */","            options = {};","            local.buildTest(options, onError);","        };","","        local.testCase_webpage_default = local.testCase_webpage_default || function (","            options,","            onError","        ) {","        /*","         * this function will test webpage's default handling-behavior","         */","            options = { modeCoverageMerge: true, url: local.serverLocalHost + '?modeTest=1' };","            local.browserTest(options, onError);","        };","","        // run test-server","        local.testRunServer(local);","        break;","    }","}());",""],"l":{"12":2,"14":2,"19":2,"21":2,"23":2,"24":2,"25":2,"30":1,"37":2,"40":2,"43":1,"47":1,"50":1,"52":1,"55":2,"61":2,"62":2,"64":2,"70":1,"76":1,"82":2,"83":2,"85":2,"91":1,"98":1,"102":1,"105":1,"112":1,"119":1,"120":1,"123":1,"130":1,"131":1,"132":1,"133":1,"134":1,"135":1,"138":1,"143":2,"144":2,"147":1,"154":2,"155":2,"158":1,"165":2,"166":2,"169":1,"176":2,"177":2,"180":1,"187":1,"188":1,"192":1,"193":1}},"/home/travis/build/npmtest/node-npmtest-js2xmlparser/lib.npmtest_js2xmlparser.js":{"path":"/home/travis/build/npmtest/node-npmtest-js2xmlparser/lib.npmtest_js2xmlparser.js","s":{"1":2,"2":2,"3":2,"4":2,"5":2,"6":2,"7":2,"8":1,"9":2,"10":2,"11":2,"12":2,"13":1,"14":1,"15":1,"16":1},"b":{"1":[2,1,1,1],"2":[1,1,1,1],"3":[1,1],"4":[2,2],"5":[1,1]},"f":{"1":2,"2":2,"3":2},"fnMap":{"1":{"name":"(anonymous_1)","line":12,"loc":{"start":{"line":12,"column":1},"end":{"line":12,"column":13}}},"2":{"name":"(anonymous_2)","line":19,"loc":{"start":{"line":19,"column":5},"end":{"line":19,"column":17}}},"3":{"name":"(anonymous_3)","line":23,"loc":{"start":{"line":23,"column":24},"end":{"line":23,"column":36}}}},"statementMap":{"1":{"start":{"line":12,"column":0},"end":{"line":53,"column":5}},"2":{"start":{"line":14,"column":4},"end":{"line":14,"column":14}},"3":{"start":{"line":19,"column":4},"end":{"line":52,"column":9}},"4":{"start":{"line":21,"column":8},"end":{"line":21,"column":19}},"5":{"start":{"line":23,"column":8},"end":{"line":35,"column":13}},"6":{"start":{"line":24,"column":12},"end":{"line":34,"column":13}},"7":{"start":{"line":25,"column":16},"end":{"line":28,"column":30}},"8":{"start":{"line":30,"column":16},"end":{"line":33,"column":27}},"9":{"start":{"line":37,"column":8},"end":{"line":39,"column":21}},"10":{"start":{"line":41,"column":8},"end":{"line":41,"column":54}},"11":{"start":{"line":43,"column":8},"end":{"line":43,"column":57}},"12":{"start":{"line":45,"column":8},"end":{"line":51,"column":9}},"13":{"start":{"line":46,"column":12},"end":{"line":46,"column":63}},"14":{"start":{"line":48,"column":12},"end":{"line":48,"column":35}},"15":{"start":{"line":49,"column":12},"end":{"line":49,"column":49}},"16":{"start":{"line":50,"column":12},"end":{"line":50,"column":43}}},"branchMap":{"1":{"line":25,"type":"binary-expr","locations":[{"start":{"line":25,"column":23},"end":{"line":25,"column":62}},{"start":{"line":26,"column":20},"end":{"line":26,"column":70}},{"start":{"line":27,"column":20},"end":{"line":27,"column":71}},{"start":{"line":28,"column":20},"end":{"line":28,"column":29}}]},"2":{"line":30,"type":"binary-expr","locations":[{"start":{"line":30,"column":23},"end":{"line":30,"column":37}},{"start":{"line":31,"column":20},"end":{"line":31,"column":61}},{"start":{"line":32,"column":20},"end":{"line":32,"column":70}},{"start":{"line":33,"column":20},"end":{"line":33,"column":26}}]},"3":{"line":37,"type":"cond-expr","locations":[{"start":{"line":38,"column":14},"end":{"line":38,"column":20}},{"start":{"line":39,"column":14},"end":{"line":39,"column":20}}]},"4":{"line":41,"type":"binary-expr","locations":[{"start":{"line":41,"column":16},"end":{"line":41,"column":44}},{"start":{"line":41,"column":48},"end":{"line":41,"column":53}}]},"5":{"line":45,"type":"if","locations":[{"start":{"line":45,"column":8},"end":{"line":45,"column":8}},{"start":{"line":45,"column":8},"end":{"line":45,"column":8}}]}},"code":["/* istanbul instrument in package npmtest_js2xmlparser */","/*jslint","    bitwise: true,","    browser: true,","    maxerr: 8,","    maxlen: 96,","    node: true,","    nomen: true,","    regexp: true,","    stupid: true","*/","(function () {","    'use strict';","    var local;","","","","    // run shared js-env code - pre-init","    (function () {","        // init local","        local = {};","        // init modeJs","        local.modeJs = (function () {","            try {","                return typeof navigator.userAgent === 'string' &&","                    typeof document.querySelector('body') === 'object' &&","                    typeof XMLHttpRequest.prototype.open === 'function' &&","                    'browser';","            } catch (errorCaughtBrowser) {","                return module.exports &&","                    typeof process.versions.node === 'string' &&","                    typeof require('http').createServer === 'function' &&","                    'node';","            }","        }());","        // init global","        local.global = local.modeJs === 'browser'","            ? window","            : global;","        // init utility2_rollup","        local = local.global.utility2_rollup || local;","        // init lib","        local.local = local.npmtest_js2xmlparser = local;","        // init exports","        if (local.modeJs === 'browser') {","            local.global.utility2_npmtest_js2xmlparser = local;","        } else {","            module.exports = local;","            module.exports.__dirname = __dirname;","            module.exports.module = module;","        }","    }());","}());",""],"l":{"12":2,"14":2,"19":2,"21":2,"23":2,"24":2,"25":2,"30":1,"37":2,"41":2,"43":2,"45":2,"46":1,"48":1,"49":1,"50":1}},"/home/travis/build/npmtest/node-npmtest-js2xmlparser/example.js":{"path":"/home/travis/build/npmtest/node-npmtest-js2xmlparser/example.js","s":{"1":2,"2":2,"3":2,"4":2,"5":2,"6":2,"7":2,"8":1,"9":2,"10":2,"11":2,"12":2,"13":1,"14":2,"15":2,"16":2,"17":2,"18":2,"19":0,"20":2,"21":1,"22":1,"23":1,"24":1,"25":1,"26":0,"27":0,"28":1,"29":1,"30":2,"31":0,"32":0,"33":0,"34":1,"35":2,"36":2,"37":3,"38":3,"39":3,"40":3,"41":0,"42":3,"43":3,"44":3,"45":1,"46":3,"47":1,"48":1,"49":1,"50":1,"51":1,"52":1,"53":1,"54":1,"55":1,"56":1,"57":0,"58":1,"59":6,"60":6,"61":1,"62":2,"63":0,"64":2,"65":1,"66":1,"67":0,"68":0,"69":0,"70":0,"71":0,"72":0,"73":0,"74":0,"75":0,"76":0,"77":0,"78":0,"79":0,"80":0,"81":0,"82":0,"83":0},"b":{"1":[2,1,1,1],"2":[1,1,1,1],"3":[1,1],"4":[2,2],"5":[1,1],"6":[1,1],"7":[2,0],"8":[2,1,1,1,1,1],"9":[0,2,0],"10":[1,1],"11":[2,1,1],"12":[1,0],"13":[0,2],"14":[2,0,0,0,0,0,0],"15":[0,3],"16":[3,0],"17":[1,1],"18":[0,1],"19":[1,2,0,2],"20":[1,0],"21":[1,1],"22":[0,0],"23":[0,0],"24":[0,0],"25":[0,0],"26":[0,0],"27":[0,0],"28":[0,0]},"f":{"1":2,"2":2,"3":2,"4":2,"5":2,"6":2,"7":3,"8":3,"9":3,"10":1,"11":6,"12":0},"fnMap":{"1":{"name":"(anonymous_1)","line":26,"loc":{"start":{"line":26,"column":1},"end":{"line":26,"column":13}}},"2":{"name":"(anonymous_2)","line":33,"loc":{"start":{"line":33,"column":5},"end":{"line":33,"column":17}}},"3":{"name":"(anonymous_3)","line":37,"loc":{"start":{"line":37,"column":24},"end":{"line":37,"column":36}}},"4":{"name":"(anonymous_4)","line":69,"loc":{"start":{"line":69,"column":31},"end":{"line":69,"column":48}},"skip":true},"5":{"name":"(anonymous_5)","line":78,"loc":{"start":{"line":78,"column":26},"end":{"line":78,"column":45}},"skip":true},"6":{"name":"(anonymous_6)","line":123,"loc":{"start":{"line":123,"column":33},"end":{"line":123,"column":48}},"skip":true},"7":{"name":"(anonymous_7)","line":125,"loc":{"start":{"line":125,"column":27},"end":{"line":125,"column":39}},"skip":true},"8":{"name":"(anonymous_8)","line":133,"loc":{"start":{"line":133,"column":59},"end":{"line":133,"column":74}},"skip":true},"9":{"name":"(anonymous_9)","line":143,"loc":{"start":{"line":143,"column":45},"end":{"line":143,"column":62}},"skip":true},"10":{"name":"(anonymous_10)","line":144,"loc":{"start":{"line":144,"column":73},"end":{"line":144,"column":92}},"skip":true},"11":{"name":"(anonymous_11)","line":272,"loc":{"start":{"line":272,"column":51},"end":{"line":272,"column":77}},"skip":true},"12":{"name":"(anonymous_12)","line":315,"loc":{"start":{"line":315,"column":32},"end":{"line":315,"column":61}},"skip":true}},"statementMap":{"1":{"start":{"line":26,"column":0},"end":{"line":326,"column":5}},"2":{"start":{"line":28,"column":4},"end":{"line":28,"column":14}},"3":{"start":{"line":33,"column":4},"end":{"line":60,"column":9}},"4":{"start":{"line":35,"column":8},"end":{"line":35,"column":19}},"5":{"start":{"line":37,"column":8},"end":{"line":49,"column":13}},"6":{"start":{"line":38,"column":12},"end":{"line":48,"column":13}},"7":{"start":{"line":39,"column":16},"end":{"line":42,"column":30}},"8":{"start":{"line":44,"column":16},"end":{"line":47,"column":27}},"9":{"start":{"line":51,"column":8},"end":{"line":53,"column":21}},"10":{"start":{"line":55,"column":8},"end":{"line":57,"column":45}},"11":{"start":{"line":59,"column":8},"end":{"line":59,"column":35}},"12":{"start":{"line":61,"column":4},"end":{"line":325,"column":5}},"13":{"start":{"line":69,"column":8},"end":{"line":121,"column":10},"skip":true},"14":{"start":{"line":70,"column":12},"end":{"line":88,"column":13},"skip":true},"15":{"start":{"line":76,"column":16},"end":{"line":87,"column":19},"skip":true},"16":{"start":{"line":79,"column":20},"end":{"line":86,"column":21},"skip":true},"17":{"start":{"line":82,"column":24},"end":{"line":82,"column":43},"skip":true},"18":{"start":{"line":83,"column":24},"end":{"line":83,"column":30},"skip":true},"19":{"start":{"line":85,"column":24},"end":{"line":85,"column":49},"skip":true},"20":{"start":{"line":89,"column":12},"end":{"line":107,"column":13},"skip":true},"21":{"start":{"line":92,"column":16},"end":{"line":102,"column":17},"skip":true},"22":{"start":{"line":93,"column":20},"end":{"line":93,"column":86},"skip":true},"23":{"start":{"line":94,"column":20},"end":{"line":95,"column":45},"skip":true},"24":{"start":{"line":96,"column":20},"end":{"line":96,"column":42},"skip":true},"25":{"start":{"line":97,"column":20},"end":{"line":97,"column":48},"skip":true},"26":{"start":{"line":100,"column":20},"end":{"line":100,"column":85},"skip":true},"27":{"start":{"line":101,"column":20},"end":{"line":101,"column":96},"skip":true},"28":{"start":{"line":103,"column":16},"end":{"line":103,"column":22},"skip":true},"29":{"start":{"line":106,"column":16},"end":{"line":106,"column":22},"skip":true},"30":{"start":{"line":108,"column":12},"end":{"line":120,"column":13},"skip":true},"31":{"start":{"line":114,"column":16},"end":{"line":119,"column":17},"skip":true},"32":{"start":{"line":116,"column":20},"end":{"line":116,"column":78},"skip":true},"33":{"start":{"line":118,"column":20},"end":{"line":118,"column":47},"skip":true},"34":{"start":{"line":123,"column":8},"end":{"line":141,"column":11},"skip":true},"35":{"start":{"line":124,"column":12},"end":{"line":124,"column":54},"skip":true},"36":{"start":{"line":125,"column":12},"end":{"line":140,"column":14},"skip":true},"37":{"start":{"line":126,"column":16},"end":{"line":126,"column":28},"skip":true},"38":{"start":{"line":127,"column":16},"end":{"line":127,"column":69},"skip":true},"39":{"start":{"line":128,"column":16},"end":{"line":128,"column":75},"skip":true},"40":{"start":{"line":129,"column":16},"end":{"line":131,"column":17},"skip":true},"41":{"start":{"line":130,"column":20},"end":{"line":130,"column":27},"skip":true},"42":{"start":{"line":133,"column":16},"end":{"line":137,"column":36},"skip":true},"43":{"start":{"line":134,"column":20},"end":{"line":136,"column":55},"skip":true},"44":{"start":{"line":139,"column":16},"end":{"line":139,"column":57},"skip":true},"45":{"start":{"line":143,"column":8},"end":{"line":147,"column":11},"skip":true},"46":{"start":{"line":144,"column":12},"end":{"line":146,"column":15},"skip":true},"47":{"start":{"line":145,"column":16},"end":{"line":145,"column":70},"skip":true},"48":{"start":{"line":149,"column":8},"end":{"line":149,"column":31},"skip":true},"49":{"start":{"line":150,"column":8},"end":{"line":150,"column":14},"skip":true},"50":{"start":{"line":158,"column":8},"end":{"line":158,"column":31},"skip":true},"51":{"start":{"line":160,"column":8},"end":{"line":160,"column":33},"skip":true},"52":{"start":{"line":161,"column":8},"end":{"line":161,"column":37},"skip":true},"53":{"start":{"line":162,"column":8},"end":{"line":162,"column":35},"skip":true},"54":{"start":{"line":164,"column":8},"end":{"line":164,"column":50},"skip":true},"55":{"start":{"line":166,"column":8},"end":{"line":256,"column":2},"skip":true},"56":{"start":{"line":258,"column":8},"end":{"line":286,"column":9},"skip":true},"57":{"start":{"line":259,"column":12},"end":{"line":269,"column":14},"skip":true},"58":{"start":{"line":271,"column":12},"end":{"line":285,"column":19},"skip":true},"59":{"start":{"line":274,"column":20},"end":{"line":274,"column":35},"skip":true},"60":{"start":{"line":275,"column":20},"end":{"line":284,"column":21},"skip":true},"61":{"start":{"line":277,"column":24},"end":{"line":277,"column":64},"skip":true},"62":{"start":{"line":279,"column":24},"end":{"line":279,"column":40},"skip":true},"63":{"start":{"line":281,"column":24},"end":{"line":281,"column":40},"skip":true},"64":{"start":{"line":283,"column":24},"end":{"line":283,"column":39},"skip":true},"65":{"start":{"line":288,"column":8},"end":{"line":290,"column":9},"skip":true},"66":{"start":{"line":289,"column":12},"end":{"line":289,"column":18},"skip":true},"67":{"start":{"line":291,"column":8},"end":{"line":293,"column":54},"skip":true},"68":{"start":{"line":296,"column":8},"end":{"line":301,"column":37},"skip":true},"69":{"start":{"line":303,"column":8},"end":{"line":303,"column":82},"skip":true},"70":{"start":{"line":306,"column":8},"end":{"line":308,"column":9},"skip":true},"71":{"start":{"line":307,"column":12},"end":{"line":307,"column":82},"skip":true},"72":{"start":{"line":310,"column":8},"end":{"line":312,"column":9},"skip":true},"73":{"start":{"line":311,"column":12},"end":{"line":311,"column":18},"skip":true},"74":{"start":{"line":313,"column":8},"end":{"line":313,"column":54},"skip":true},"75":{"start":{"line":314,"column":8},"end":{"line":314,"column":69},"skip":true},"76":{"start":{"line":315,"column":8},"end":{"line":323,"column":36},"skip":true},"77":{"start":{"line":316,"column":12},"end":{"line":316,"column":61},"skip":true},"78":{"start":{"line":317,"column":12},"end":{"line":320,"column":13},"skip":true},"79":{"start":{"line":318,"column":16},"end":{"line":318,"column":75},"skip":true},"80":{"start":{"line":319,"column":16},"end":{"line":319,"column":23},"skip":true},"81":{"start":{"line":321,"column":12},"end":{"line":321,"column":38},"skip":true},"82":{"start":{"line":322,"column":12},"end":{"line":322,"column":27},"skip":true},"83":{"start":{"line":324,"column":8},"end":{"line":324,"column":14},"skip":true}},"branchMap":{"1":{"line":39,"type":"binary-expr","locations":[{"start":{"line":39,"column":23},"end":{"line":39,"column":62}},{"start":{"line":40,"column":20},"end":{"line":40,"column":70}},{"start":{"line":41,"column":20},"end":{"line":41,"column":71}},{"start":{"line":42,"column":20},"end":{"line":42,"column":29}}]},"2":{"line":44,"type":"binary-expr","locations":[{"start":{"line":44,"column":23},"end":{"line":44,"column":37}},{"start":{"line":45,"column":20},"end":{"line":45,"column":61}},{"start":{"line":46,"column":20},"end":{"line":46,"column":70}},{"start":{"line":47,"column":20},"end":{"line":47,"column":26}}]},"3":{"line":51,"type":"cond-expr","locations":[{"start":{"line":52,"column":14},"end":{"line":52,"column":20}},{"start":{"line":53,"column":14},"end":{"line":53,"column":20}}]},"4":{"line":55,"type":"binary-expr","locations":[{"start":{"line":55,"column":16},"end":{"line":55,"column":44}},{"start":{"line":55,"column":49},"end":{"line":57,"column":43}}]},"5":{"line":55,"type":"cond-expr","locations":[{"start":{"line":56,"column":14},"end":{"line":56,"column":56}},{"start":{"line":57,"column":14},"end":{"line":57,"column":43}}]},"6":{"line":61,"type":"switch","locations":[{"start":{"line":68,"column":4},"end":{"line":150,"column":14},"skip":true},{"start":{"line":156,"column":4},"end":{"line":324,"column":14},"skip":true}]},"7":{"line":70,"type":"if","locations":[{"start":{"line":70,"column":12},"end":{"line":70,"column":12},"skip":true},{"start":{"line":70,"column":12},"end":{"line":70,"column":12},"skip":true}]},"8":{"line":70,"type":"binary-expr","locations":[{"start":{"line":70,"column":16},"end":{"line":70,"column":22},"skip":true},{"start":{"line":70,"column":27},"end":{"line":70,"column":32},"skip":true},{"start":{"line":71,"column":20},"end":{"line":71,"column":39},"skip":true},{"start":{"line":72,"column":20},"end":{"line":72,"column":49},"skip":true},{"start":{"line":73,"column":20},"end":{"line":73,"column":58},"skip":true},{"start":{"line":74,"column":20},"end":{"line":74,"column":69},"skip":true}]},"9":{"line":79,"type":"switch","locations":[{"start":{"line":80,"column":20},"end":{"line":80,"column":33},"skip":true},{"start":{"line":81,"column":20},"end":{"line":83,"column":30},"skip":true},{"start":{"line":84,"column":20},"end":{"line":85,"column":49},"skip":true}]},"10":{"line":89,"type":"switch","locations":[{"start":{"line":90,"column":12},"end":{"line":103,"column":22},"skip":true},{"start":{"line":105,"column":12},"end":{"line":106,"column":22},"skip":true}]},"11":{"line":89,"type":"binary-expr","locations":[{"start":{"line":89,"column":20},"end":{"line":89,"column":25},"skip":true},{"start":{"line":89,"column":29},"end":{"line":89,"column":48},"skip":true},{"start":{"line":89,"column":52},"end":{"line":89,"column":74},"skip":true}]},"12":{"line":92,"type":"if","locations":[{"start":{"line":92,"column":16},"end":{"line":92,"column":16},"skip":true},{"start":{"line":92,"column":16},"end":{"line":92,"column":16},"skip":true}]},"13":{"line":108,"type":"if","locations":[{"start":{"line":108,"column":12},"end":{"line":108,"column":12},"skip":true},{"start":{"line":108,"column":12},"end":{"line":108,"column":12},"skip":true}]},"14":{"line":108,"type":"binary-expr","locations":[{"start":{"line":108,"column":16},"end":{"line":108,"column":61},"skip":true},{"start":{"line":108,"column":66},"end":{"line":108,"column":72},"skip":true},{"start":{"line":108,"column":77},"end":{"line":108,"column":82},"skip":true},{"start":{"line":109,"column":20},"end":{"line":109,"column":39},"skip":true},{"start":{"line":110,"column":20},"end":{"line":110,"column":49},"skip":true},{"start":{"line":111,"column":20},"end":{"line":111,"column":58},"skip":true},{"start":{"line":112,"column":20},"end":{"line":112,"column":68},"skip":true}]},"15":{"line":129,"type":"if","locations":[{"start":{"line":129,"column":16},"end":{"line":129,"column":16},"skip":true},{"start":{"line":129,"column":16},"end":{"line":129,"column":16},"skip":true}]},"16":{"line":134,"type":"cond-expr","locations":[{"start":{"line":135,"column":26},"end":{"line":135,"column":29},"skip":true},{"start":{"line":136,"column":26},"end":{"line":136,"column":54},"skip":true}]},"17":{"line":164,"type":"binary-expr","locations":[{"start":{"line":164,"column":27},"end":{"line":164,"column":43},"skip":true},{"start":{"line":164,"column":47},"end":{"line":164,"column":49},"skip":true}]},"18":{"line":258,"type":"if","locations":[{"start":{"line":258,"column":8},"end":{"line":258,"column":8},"skip":true},{"start":{"line":258,"column":8},"end":{"line":258,"column":8},"skip":true}]},"19":{"line":275,"type":"switch","locations":[{"start":{"line":276,"column":20},"end":{"line":277,"column":64},"skip":true},{"start":{"line":278,"column":20},"end":{"line":279,"column":40},"skip":true},{"start":{"line":280,"column":20},"end":{"line":281,"column":40},"skip":true},{"start":{"line":282,"column":20},"end":{"line":283,"column":39},"skip":true}]},"20":{"line":288,"type":"if","locations":[{"start":{"line":288,"column":8},"end":{"line":288,"column":8},"skip":true},{"start":{"line":288,"column":8},"end":{"line":288,"column":8},"skip":true}]},"21":{"line":288,"type":"binary-expr","locations":[{"start":{"line":288,"column":12},"end":{"line":288,"column":40},"skip":true},{"start":{"line":288,"column":44},"end":{"line":288,"column":67},"skip":true}]},"22":{"line":292,"type":"binary-expr","locations":[{"start":{"line":292,"column":12},"end":{"line":292,"column":50},"skip":true},{"start":{"line":293,"column":12},"end":{"line":293,"column":53},"skip":true}]},"23":{"line":297,"type":"binary-expr","locations":[{"start":{"line":297,"column":12},"end":{"line":297,"column":70},"skip":true},{"start":{"line":298,"column":12},"end":{"line":301,"column":36},"skip":true}]},"24":{"line":303,"type":"binary-expr","locations":[{"start":{"line":303,"column":43},"end":{"line":303,"column":75},"skip":true},{"start":{"line":303,"column":79},"end":{"line":303,"column":81},"skip":true}]},"25":{"line":306,"type":"if","locations":[{"start":{"line":306,"column":8},"end":{"line":306,"column":8},"skip":true},{"start":{"line":306,"column":8},"end":{"line":306,"column":8},"skip":true}]},"26":{"line":310,"type":"if","locations":[{"start":{"line":310,"column":8},"end":{"line":310,"column":8},"skip":true},{"start":{"line":310,"column":8},"end":{"line":310,"column":8},"skip":true}]},"27":{"line":313,"type":"binary-expr","locations":[{"start":{"line":313,"column":27},"end":{"line":313,"column":43},"skip":true},{"start":{"line":313,"column":47},"end":{"line":313,"column":53},"skip":true}]},"28":{"line":317,"type":"if","locations":[{"start":{"line":317,"column":12},"end":{"line":317,"column":12},"skip":true},{"start":{"line":317,"column":12},"end":{"line":317,"column":12},"skip":true}]}},"code":["/*","example.js","","quickstart example","","instruction","    1. save this script as example.js","    2. run the shell command:","        $ npm install npmtest-js2xmlparser && PORT=8081 node example.js","    3. play with the browser-demo on http://127.0.0.1:8081","*/","","","","/* istanbul instrument in package npmtest_js2xmlparser */","/*jslint","    bitwise: true,","    browser: true,","    maxerr: 8,","    maxlen: 96,","    node: true,","    nomen: true,","    regexp: true,","    stupid: true","*/","(function () {","    'use strict';","    var local;","","","","    // run shared js-env code - pre-init","    (function () {","        // init local","        local = {};","        // init modeJs","        local.modeJs = (function () {","            try {","                return typeof navigator.userAgent === 'string' &&","                    typeof document.querySelector('body') === 'object' &&","                    typeof XMLHttpRequest.prototype.open === 'function' &&","                    'browser';","            } catch (errorCaughtBrowser) {","                return module.exports &&","                    typeof process.versions.node === 'string' &&","                    typeof require('http').createServer === 'function' &&","                    'node';","            }","        }());","        // init global","        local.global = local.modeJs === 'browser'","            ? window","            : global;","        // init utility2_rollup","        local = local.global.utility2_rollup || (local.modeJs === 'browser'","            ? local.global.utility2_npmtest_js2xmlparser","            : global.utility2_moduleExports);","        // export local","        local.global.local = local;","    }());","    switch (local.modeJs) {","","","","    // post-init","    // run browser js-env code - post-init","    /* istanbul ignore next */","    case 'browser':","        local.testRunBrowser = function (event) {","            if (!event || (event &&","                    event.currentTarget &&","                    event.currentTarget.className &&","                    event.currentTarget.className.includes &&","                    event.currentTarget.className.includes('onreset'))) {","                // reset output","                Array.from(","                    document.querySelectorAll('body > .resettable')","                ).forEach(function (element) {","                    switch (element.tagName) {","                    case 'INPUT':","                    case 'TEXTAREA':","                        element.value = '';","                        break;","                    default:","                        element.textContent = '';","                    }","                });","            }","            switch (event && event.currentTarget && event.currentTarget.id) {","            case 'testRunButton1':","                // show tests","                if (document.querySelector('#testReportDiv1').style.display === 'none') {","                    document.querySelector('#testReportDiv1').style.display = 'block';","                    document.querySelector('#testRunButton1').textContent =","                        'hide internal test';","                    local.modeTest = true;","                    local.testRunDefault(local);","                // hide tests","                } else {","                    document.querySelector('#testReportDiv1').style.display = 'none';","                    document.querySelector('#testRunButton1').textContent = 'run internal test';","                }","                break;","            // custom-case","            default:","                break;","            }","            if (document.querySelector('#inputTextareaEval1') && (!event || (event &&","                    event.currentTarget &&","                    event.currentTarget.className &&","                    event.currentTarget.className.includes &&","                    event.currentTarget.className.includes('oneval')))) {","                // try to eval input-code","                try {","                    /*jslint evil: true*/","                    eval(document.querySelector('#inputTextareaEval1').value);","                } catch (errorCaught) {","                    console.error(errorCaught);","                }","            }","        };","        // log stderr and stdout to #outputTextareaStdout1","        ['error', 'log'].forEach(function (key) {","            console[key + '_original'] = console[key];","            console[key] = function () {","                var element;","                console[key + '_original'].apply(console, arguments);","                element = document.querySelector('#outputTextareaStdout1');","                if (!element) {","                    return;","                }","                // append text to #outputTextareaStdout1","                element.value += Array.from(arguments).map(function (arg) {","                    return typeof arg === 'string'","                        ? arg","                        : JSON.stringify(arg, null, 4);","                }).join(' ') + '\\n';","                // scroll textarea to bottom","                element.scrollTop = element.scrollHeight;","            };","        });","        // init event-handling","        ['change', 'click', 'keyup'].forEach(function (event) {","            Array.from(document.querySelectorAll('.on' + event)).forEach(function (element) {","                element.addEventListener(event, local.testRunBrowser);","            });","        });","        // run tests","        local.testRunBrowser();","        break;","","","","    // run node js-env code - post-init","    /* istanbul ignore next */","    case 'node':","        // export local","        module.exports = local;","        // require modules","        local.fs = require('fs');","        local.http = require('http');","        local.url = require('url');","        // init assets","        local.assetsDict = local.assetsDict || {};","        /* jslint-ignore-begin */","        local.assetsDict['/assets.index.template.html'] = '\\","<!doctype html>\\n\\","<html lang=\"en\">\\n\\","<head>\\n\\","<meta charset=\"UTF-8\">\\n\\","<meta name=\"viewport\" content=\"width=device-width, initial-scale=1\">\\n\\","<title>{{env.npm_package_name}} (v{{env.npm_package_version}})</title>\\n\\","<style>\\n\\","/*csslint\\n\\","    box-sizing: false,\\n\\","    universal-selector: false\\n\\","*/\\n\\","* {\\n\\","    box-sizing: border-box;\\n\\","}\\n\\","body {\\n\\","    background: #dde;\\n\\","    font-family: Arial, Helvetica, sans-serif;\\n\\","    margin: 2rem;\\n\\","}\\n\\","body > * {\\n\\","    margin-bottom: 1rem;\\n\\","}\\n\\",".utility2FooterDiv {\\n\\","    margin-top: 20px;\\n\\","    text-align: center;\\n\\","}\\n\\","</style>\\n\\","<style>\\n\\","/*csslint\\n\\","*/\\n\\","textarea {\\n\\","    font-family: monospace;\\n\\","    height: 10rem;\\n\\","    width: 100%;\\n\\","}\\n\\","textarea[readonly] {\\n\\","    background: #ddd;\\n\\","}\\n\\","</style>\\n\\","</head>\\n\\","<body>\\n\\","<!-- utility2-comment\\n\\","<div id=\"ajaxProgressDiv1\" style=\"background: #d00; height: 2px; left: 0; margin: 0; padding: 0; position: fixed; top: 0; transition: background 0.5s, width 1.5s; width: 25%;\"></div>\\n\\","utility2-comment -->\\n\\","<h1>\\n\\","<!-- utility2-comment\\n\\","    <a\\n\\","        {{#if env.npm_package_homepage}}\\n\\","        href=\"{{env.npm_package_homepage}}\"\\n\\","        {{/if env.npm_package_homepage}}\\n\\","        target=\"_blank\"\\n\\","    >\\n\\","utility2-comment -->\\n\\","        {{env.npm_package_name}} (v{{env.npm_package_version}})\\n\\","<!-- utility2-comment\\n\\","    </a>\\n\\","utility2-comment -->\\n\\","</h1>\\n\\","<h3>{{env.npm_package_description}}</h3>\\n\\","<!-- utility2-comment\\n\\","<h4><a download href=\"assets.app.js\">download standalone app</a></h4>\\n\\","<button class=\"onclick onreset\" id=\"testRunButton1\">run internal test</button><br>\\n\\","<div id=\"testReportDiv1\" style=\"display: none;\"></div>\\n\\","utility2-comment -->\\n\\","\\n\\","\\n\\","\\n\\","<label>stderr and stdout</label>\\n\\","<textarea class=\"resettable\" id=\"outputTextareaStdout1\" readonly></textarea>\\n\\","<!-- utility2-comment\\n\\","{{#if isRollup}}\\n\\","<script src=\"assets.app.js\"></script>\\n\\","{{#unless isRollup}}\\n\\","utility2-comment -->\\n\\","<script src=\"assets.utility2.rollup.js\"></script>\\n\\","<script src=\"jsonp.utility2._stateInit?callback=window.utility2._stateInit\"></script>\\n\\","<script src=\"assets.npmtest_js2xmlparser.rollup.js\"></script>\\n\\","<script src=\"assets.example.js\"></script>\\n\\","<script src=\"assets.test.js\"></script>\\n\\","<!-- utility2-comment\\n\\","{{/if isRollup}}\\n\\","utility2-comment -->\\n\\","<div class=\"utility2FooterDiv\">\\n\\","    [ this app was created with\\n\\","    <a href=\"https://github.com/kaizhu256/node-utility2\" target=\"_blank\">utility2</a>\\n\\","    ]\\n\\","</div>\\n\\","</body>\\n\\","</html>\\n\\","';","        /* jslint-ignore-end */","        if (local.templateRender) {","            local.assetsDict['/'] = local.templateRender(","                local.assetsDict['/assets.index.template.html'],","                {","                    env: local.objectSetDefault(local.env, {","                        npm_package_description: 'the greatest app in the world!',","                        npm_package_name: 'my-app',","                        npm_package_nameAlias: 'my_app',","                        npm_package_version: '0.0.1'","                    })","                }","            );","        } else {","            local.assetsDict['/'] = local.assetsDict['/assets.index.template.html']","                .replace((/\\{\\{env\\.(\\w+?)\\}\\}/g), function (match0, match1) {","                    // jslint-hack","                    String(match0);","                    switch (match1) {","                    case 'npm_package_description':","                        return 'the greatest app in the world!';","                    case 'npm_package_name':","                        return 'my-app';","                    case 'npm_package_nameAlias':","                        return 'my_app';","                    case 'npm_package_version':","                        return '0.0.1';","                    }","                });","        }","        // run the cli","        if (local.global.utility2_rollup || module !== require.main) {","            break;","        }","        local.assetsDict['/assets.example.js'] =","            local.assetsDict['/assets.example.js'] ||","            local.fs.readFileSync(__filename, 'utf8');","        // bug-workaround - long $npm_package_buildCustomOrg","        /* jslint-ignore-begin */","        local.assetsDict['/assets.npmtest_js2xmlparser.rollup.js'] =","            local.assetsDict['/assets.npmtest_js2xmlparser.rollup.js'] ||","            local.fs.readFileSync(","                local.npmtest_js2xmlparser.__dirname + '/lib.npmtest_js2xmlparser.js',","                'utf8'","            ).replace((/^#!/), '//');","        /* jslint-ignore-end */","        local.assetsDict['/favicon.ico'] = local.assetsDict['/favicon.ico'] || '';","        // if $npm_config_timeout_exit exists,","        // then exit this process after $npm_config_timeout_exit ms","        if (Number(process.env.npm_config_timeout_exit)) {","            setTimeout(process.exit, Number(process.env.npm_config_timeout_exit));","        }","        // start server","        if (local.global.utility2_serverHttp1) {","            break;","        }","        process.env.PORT = process.env.PORT || '8081';","        console.error('server starting on port ' + process.env.PORT);","        local.http.createServer(function (request, response) {","            request.urlParsed = local.url.parse(request.url);","            if (local.assetsDict[request.urlParsed.pathname] !== undefined) {","                response.end(local.assetsDict[request.urlParsed.pathname]);","                return;","            }","            response.statusCode = 404;","            response.end();","        }).listen(process.env.PORT);","        break;","    }","}());",""],"l":{"26":2,"28":2,"33":2,"35":2,"37":2,"38":2,"39":2,"44":1,"51":2,"55":2,"59":2,"61":2,"69":1,"70":2,"76":2,"79":2,"82":2,"83":2,"85":1,"89":2,"92":1,"93":1,"94":1,"96":1,"97":1,"100":1,"101":1,"103":1,"106":1,"108":2,"114":1,"116":1,"118":1,"123":1,"124":2,"125":2,"126":3,"127":3,"128":3,"129":3,"130":1,"133":3,"134":3,"139":3,"143":1,"144":3,"145":1,"149":1,"150":1,"158":1,"160":1,"161":1,"162":1,"164":1,"166":1,"258":1,"259":1,"271":1,"274":6,"275":6,"277":1,"279":2,"281":1,"283":2,"288":1,"289":1,"291":1,"296":1,"303":1,"306":1,"307":1,"310":1,"311":1,"313":1,"314":1,"315":1,"316":1,"317":1,"318":1,"319":1,"321":1,"322":1,"324":1}},"/home/travis/build/npmtest/node-npmtest-js2xmlparser/node_modules/js2xmlparser/lib/main.js":{"path":"/home/travis/build/npmtest/node-npmtest-js2xmlparser/node_modules/js2xmlparser/lib/main.js","s":{"1":1,"2":1,"3":1,"4":1,"5":0,"6":0,"7":0,"8":0,"9":0,"10":0,"11":0,"12":0,"13":0,"14":0,"15":0,"16":0,"17":0,"18":1,"19":0,"20":0,"21":0,"22":0,"23":1,"24":0,"25":0,"26":0,"27":0,"28":0,"29":0,"30":0,"31":0,"32":0,"33":0,"34":0,"35":0,"36":0,"37":0,"38":0,"39":0,"40":0,"41":0,"42":0,"43":0,"44":0,"45":1,"46":0,"47":0,"48":0,"49":0,"50":0,"51":0,"52":1,"53":0,"54":0,"55":0,"56":0,"57":0,"58":0,"59":0,"60":0,"61":0,"62":0,"63":0,"64":0,"65":0,"66":0,"67":0,"68":0,"69":0,"70":0,"71":0,"72":1,"73":0,"74":0,"75":0,"76":0,"77":0,"78":0,"79":0,"80":0,"81":0,"82":0,"83":0,"84":0,"85":0,"86":0,"87":0,"88":1,"89":0,"90":0,"91":0,"92":0,"93":0,"94":0,"95":0,"96":1,"97":0,"98":0,"99":0,"100":1},"b":{"1":[0,0,0,0,0],"2":[0,0],"3":[0,0],"4":[0,0],"5":[0,0],"6":[0,0],"7":[0,0],"8":[0,0],"9":[0,0],"10":[0,0],"11":[0,0],"12":[0,0],"13":[0,0],"14":[0,0],"15":[0,0],"16":[0,0],"17":[0,0],"18":[0,0],"19":[0,0],"20":[0,0],"21":[0,0],"22":[0,0],"23":[0,0],"24":[0,0],"25":[0,0],"26":[0,0],"27":[0,0],"28":[0,0],"29":[0,0],"30":[0,0],"31":[0,0]},"f":{"1":0,"2":0,"3":0,"4":0,"5":0,"6":0,"7":0,"8":0,"9":0,"10":0,"11":0},"fnMap":{"1":{"name":"parseString","line":30,"loc":{"start":{"line":30,"column":0},"end":{"line":30,"column":50}}},"2":{"name":"(anonymous_2)","line":31,"loc":{"start":{"line":31,"column":24},"end":{"line":31,"column":37}}},"3":{"name":"parseAttribute","line":70,"loc":{"start":{"line":70,"column":0},"end":{"line":70,"column":61}}},"4":{"name":"parseObjectOrMapEntry","line":92,"loc":{"start":{"line":92,"column":0},"end":{"line":92,"column":67}}},"5":{"name":"parseObjectOrMap","line":143,"loc":{"start":{"line":143,"column":0},"end":{"line":143,"column":63}}},"6":{"name":"(anonymous_6)","line":145,"loc":{"start":{"line":145,"column":28},"end":{"line":145,"column":50}}},"7":{"name":"parseArrayOrSet","line":166,"loc":{"start":{"line":166,"column":0},"end":{"line":166,"column":66}}},"8":{"name":"(anonymous_8)","line":187,"loc":{"start":{"line":187,"column":23},"end":{"line":187,"column":39}}},"9":{"name":"parseValue","line":205,"loc":{"start":{"line":205,"column":0},"end":{"line":205,"column":56}}},"10":{"name":"parseToDocument","line":241,"loc":{"start":{"line":241,"column":0},"end":{"line":241,"column":47}}},"11":{"name":"parse","line":263,"loc":{"start":{"line":263,"column":0},"end":{"line":263,"column":38}}}},"statementMap":{"1":{"start":{"line":17,"column":0},"end":{"line":17,"column":39}},"2":{"start":{"line":18,"column":0},"end":{"line":18,"column":37}},"3":{"start":{"line":19,"column":0},"end":{"line":19,"column":33}},"4":{"start":{"line":30,"column":0},"end":{"line":59,"column":1}},"5":{"start":{"line":31,"column":4},"end":{"line":36,"column":6}},"6":{"start":{"line":32,"column":8},"end":{"line":35,"column":53}},"7":{"start":{"line":37,"column":4},"end":{"line":58,"column":5}},"8":{"start":{"line":38,"column":8},"end":{"line":54,"column":9}},"9":{"start":{"line":39,"column":12},"end":{"line":39,"column":45}},"10":{"start":{"line":40,"column":12},"end":{"line":50,"column":13}},"11":{"start":{"line":41,"column":16},"end":{"line":46,"column":17}},"12":{"start":{"line":42,"column":20},"end":{"line":42,"column":54}},"13":{"start":{"line":45,"column":20},"end":{"line":45,"column":57}},"14":{"start":{"line":47,"column":16},"end":{"line":49,"column":17}},"15":{"start":{"line":48,"column":20},"end":{"line":48,"column":50}},"16":{"start":{"line":53,"column":12},"end":{"line":53,"column":40}},"17":{"start":{"line":57,"column":8},"end":{"line":57,"column":32}},"18":{"start":{"line":70,"column":0},"end":{"line":80,"column":1}},"19":{"start":{"line":71,"column":4},"end":{"line":71,"column":54}},"20":{"start":{"line":72,"column":4},"end":{"line":79,"column":5}},"21":{"start":{"line":73,"column":8},"end":{"line":73,"column":66}},"22":{"start":{"line":76,"column":8},"end":{"line":78,"column":29}},"23":{"start":{"line":92,"column":0},"end":{"line":133,"column":1}},"24":{"start":{"line":94,"column":4},"end":{"line":101,"column":5}},"25":{"start":{"line":95,"column":8},"end":{"line":98,"column":9}},"26":{"start":{"line":96,"column":12},"end":{"line":97,"column":41}},"27":{"start":{"line":99,"column":8},"end":{"line":99,"column":35}},"28":{"start":{"line":100,"column":8},"end":{"line":100,"column":15}},"29":{"start":{"line":103,"column":4},"end":{"line":115,"column":5}},"30":{"start":{"line":104,"column":8},"end":{"line":113,"column":9}},"31":{"start":{"line":105,"column":12},"end":{"line":108,"column":13}},"32":{"start":{"line":106,"column":16},"end":{"line":106,"column":36}},"33":{"start":{"line":107,"column":16},"end":{"line":107,"column":78}},"34":{"start":{"line":111,"column":12},"end":{"line":112,"column":29}},"35":{"start":{"line":114,"column":8},"end":{"line":114,"column":15}},"36":{"start":{"line":117,"column":4},"end":{"line":126,"column":5}},"37":{"start":{"line":118,"column":8},"end":{"line":125,"column":9}},"38":{"start":{"line":119,"column":12},"end":{"line":119,"column":59}},"39":{"start":{"line":120,"column":12},"end":{"line":120,"column":19}},"40":{"start":{"line":123,"column":12},"end":{"line":124,"column":68}},"41":{"start":{"line":128,"column":4},"end":{"line":128,"column":32}},"42":{"start":{"line":129,"column":4},"end":{"line":131,"column":5}},"43":{"start":{"line":130,"column":8},"end":{"line":130,"column":45}},"44":{"start":{"line":132,"column":4},"end":{"line":132,"column":45}},"45":{"start":{"line":143,"column":0},"end":{"line":155,"column":1}},"46":{"start":{"line":144,"column":4},"end":{"line":154,"column":5}},"47":{"start":{"line":145,"column":8},"end":{"line":147,"column":11}},"48":{"start":{"line":146,"column":12},"end":{"line":146,"column":89}},"49":{"start":{"line":150,"column":8},"end":{"line":153,"column":9}},"50":{"start":{"line":151,"column":12},"end":{"line":151,"column":29}},"51":{"start":{"line":152,"column":12},"end":{"line":152,"column":81}},"52":{"start":{"line":166,"column":0},"end":{"line":194,"column":1}},"53":{"start":{"line":167,"column":4},"end":{"line":167,"column":22}},"54":{"start":{"line":168,"column":4},"end":{"line":170,"column":5}},"55":{"start":{"line":169,"column":8},"end":{"line":169,"column":50}},"56":{"start":{"line":171,"column":4},"end":{"line":173,"column":5}},"57":{"start":{"line":172,"column":8},"end":{"line":172,"column":50}},"58":{"start":{"line":174,"column":4},"end":{"line":174,"column":23}},"59":{"start":{"line":175,"column":4},"end":{"line":175,"column":37}},"60":{"start":{"line":176,"column":4},"end":{"line":186,"column":5}},"61":{"start":{"line":177,"column":8},"end":{"line":177,"column":67}},"62":{"start":{"line":178,"column":8},"end":{"line":185,"column":9}},"63":{"start":{"line":179,"column":12},"end":{"line":179,"column":40}},"64":{"start":{"line":180,"column":12},"end":{"line":180,"column":54}},"65":{"start":{"line":182,"column":13},"end":{"line":185,"column":9}},"66":{"start":{"line":183,"column":12},"end":{"line":184,"column":53}},"67":{"start":{"line":187,"column":4},"end":{"line":193,"column":7}},"68":{"start":{"line":188,"column":8},"end":{"line":188,"column":35}},"69":{"start":{"line":189,"column":8},"end":{"line":191,"column":9}},"70":{"start":{"line":190,"column":12},"end":{"line":190,"column":53}},"71":{"start":{"line":192,"column":8},"end":{"line":192,"column":53}},"72":{"start":{"line":205,"column":0},"end":{"line":228,"column":1}},"73":{"start":{"line":208,"column":4},"end":{"line":208,"column":53}},"74":{"start":{"line":209,"column":4},"end":{"line":209,"column":16}},"75":{"start":{"line":210,"column":4},"end":{"line":212,"column":5}},"76":{"start":{"line":211,"column":8},"end":{"line":211,"column":44}},"77":{"start":{"line":213,"column":4},"end":{"line":215,"column":5}},"78":{"start":{"line":214,"column":8},"end":{"line":214,"column":45}},"79":{"start":{"line":216,"column":4},"end":{"line":218,"column":5}},"80":{"start":{"line":217,"column":8},"end":{"line":217,"column":31}},"81":{"start":{"line":219,"column":4},"end":{"line":222,"column":5}},"82":{"start":{"line":220,"column":8},"end":{"line":220,"column":56}},"83":{"start":{"line":221,"column":8},"end":{"line":221,"column":15}},"84":{"start":{"line":223,"column":4},"end":{"line":226,"column":5}},"85":{"start":{"line":224,"column":8},"end":{"line":224,"column":60}},"86":{"start":{"line":225,"column":8},"end":{"line":225,"column":15}},"87":{"start":{"line":227,"column":4},"end":{"line":227,"column":66}},"88":{"start":{"line":241,"column":0},"end":{"line":251,"column":1}},"89":{"start":{"line":242,"column":4},"end":{"line":242,"column":53}},"90":{"start":{"line":243,"column":4},"end":{"line":245,"column":5}},"91":{"start":{"line":244,"column":8},"end":{"line":244,"column":43}},"92":{"start":{"line":246,"column":4},"end":{"line":248,"column":5}},"93":{"start":{"line":247,"column":8},"end":{"line":247,"column":77}},"94":{"start":{"line":249,"column":4},"end":{"line":249,"column":54}},"95":{"start":{"line":250,"column":4},"end":{"line":250,"column":20}},"96":{"start":{"line":263,"column":0},"end":{"line":267,"column":1}},"97":{"start":{"line":264,"column":4},"end":{"line":264,"column":46}},"98":{"start":{"line":265,"column":4},"end":{"line":265,"column":55}},"99":{"start":{"line":266,"column":4},"end":{"line":266,"column":42}},"100":{"start":{"line":268,"column":0},"end":{"line":268,"column":22}}},"branchMap":{"1":{"line":32,"type":"binary-expr","locations":[{"start":{"line":32,"column":16},"end":{"line":32,"column":41}},{"start":{"line":32,"column":46},"end":{"line":32,"column":67}},{"start":{"line":33,"column":15},"end":{"line":33,"column":36}},{"start":{"line":34,"column":15},"end":{"line":34,"column":67}},{"start":{"line":35,"column":15},"end":{"line":35,"column":52}}]},"2":{"line":37,"type":"if","locations":[{"start":{"line":37,"column":4},"end":{"line":37,"column":4}},{"start":{"line":37,"column":4},"end":{"line":37,"column":4}}]},"3":{"line":38,"type":"if","locations":[{"start":{"line":38,"column":8},"end":{"line":38,"column":8}},{"start":{"line":38,"column":8},"end":{"line":38,"column":8}}]},"4":{"line":41,"type":"if","locations":[{"start":{"line":41,"column":16},"end":{"line":41,"column":16}},{"start":{"line":41,"column":16},"end":{"line":41,"column":16}}]},"5":{"line":47,"type":"if","locations":[{"start":{"line":47,"column":16},"end":{"line":47,"column":16}},{"start":{"line":47,"column":16},"end":{"line":47,"column":16}}]},"6":{"line":72,"type":"if","locations":[{"start":{"line":72,"column":4},"end":{"line":72,"column":4}},{"start":{"line":72,"column":4},"end":{"line":72,"column":4}}]},"7":{"line":94,"type":"if","locations":[{"start":{"line":94,"column":4},"end":{"line":94,"column":4}},{"start":{"line":94,"column":4},"end":{"line":94,"column":4}}]},"8":{"line":95,"type":"if","locations":[{"start":{"line":95,"column":8},"end":{"line":95,"column":8}},{"start":{"line":95,"column":8},"end":{"line":95,"column":8}}]},"9":{"line":103,"type":"if","locations":[{"start":{"line":103,"column":4},"end":{"line":103,"column":4}},{"start":{"line":103,"column":4},"end":{"line":103,"column":4}}]},"10":{"line":104,"type":"if","locations":[{"start":{"line":104,"column":8},"end":{"line":104,"column":8}},{"start":{"line":104,"column":8},"end":{"line":104,"column":8}}]},"11":{"line":117,"type":"if","locations":[{"start":{"line":117,"column":4},"end":{"line":117,"column":4}},{"start":{"line":117,"column":4},"end":{"line":117,"column":4}}]},"12":{"line":118,"type":"if","locations":[{"start":{"line":118,"column":8},"end":{"line":118,"column":8}},{"start":{"line":118,"column":8},"end":{"line":118,"column":8}}]},"13":{"line":129,"type":"if","locations":[{"start":{"line":129,"column":4},"end":{"line":129,"column":4}},{"start":{"line":129,"column":4},"end":{"line":129,"column":4}}]},"14":{"line":129,"type":"binary-expr","locations":[{"start":{"line":129,"column":8},"end":{"line":129,"column":31}},{"start":{"line":129,"column":35},"end":{"line":129,"column":56}}]},"15":{"line":144,"type":"if","locations":[{"start":{"line":144,"column":4},"end":{"line":144,"column":4}},{"start":{"line":144,"column":4},"end":{"line":144,"column":4}}]},"16":{"line":168,"type":"if","locations":[{"start":{"line":168,"column":4},"end":{"line":168,"column":4}},{"start":{"line":168,"column":4},"end":{"line":168,"column":4}}]},"17":{"line":171,"type":"if","locations":[{"start":{"line":171,"column":4},"end":{"line":171,"column":4}},{"start":{"line":171,"column":4},"end":{"line":171,"column":4}}]},"18":{"line":176,"type":"if","locations":[{"start":{"line":176,"column":4},"end":{"line":176,"column":4}},{"start":{"line":176,"column":4},"end":{"line":176,"column":4}}]},"19":{"line":178,"type":"if","locations":[{"start":{"line":178,"column":8},"end":{"line":178,"column":8}},{"start":{"line":178,"column":8},"end":{"line":178,"column":8}}]},"20":{"line":182,"type":"if","locations":[{"start":{"line":182,"column":13},"end":{"line":182,"column":13}},{"start":{"line":182,"column":13},"end":{"line":182,"column":13}}]},"21":{"line":189,"type":"if","locations":[{"start":{"line":189,"column":8},"end":{"line":189,"column":8}},{"start":{"line":189,"column":8},"end":{"line":189,"column":8}}]},"22":{"line":189,"type":"binary-expr","locations":[{"start":{"line":189,"column":12},"end":{"line":189,"column":34}},{"start":{"line":189,"column":38},"end":{"line":189,"column":58}}]},"23":{"line":210,"type":"if","locations":[{"start":{"line":210,"column":4},"end":{"line":210,"column":4}},{"start":{"line":210,"column":4},"end":{"line":210,"column":4}}]},"24":{"line":213,"type":"if","locations":[{"start":{"line":213,"column":4},"end":{"line":213,"column":4}},{"start":{"line":213,"column":4},"end":{"line":213,"column":4}}]},"25":{"line":216,"type":"if","locations":[{"start":{"line":216,"column":4},"end":{"line":216,"column":4}},{"start":{"line":216,"column":4},"end":{"line":216,"column":4}}]},"26":{"line":219,"type":"if","locations":[{"start":{"line":219,"column":4},"end":{"line":219,"column":4}},{"start":{"line":219,"column":4},"end":{"line":219,"column":4}}]},"27":{"line":219,"type":"binary-expr","locations":[{"start":{"line":219,"column":8},"end":{"line":219,"column":31}},{"start":{"line":219,"column":35},"end":{"line":219,"column":55}}]},"28":{"line":223,"type":"if","locations":[{"start":{"line":223,"column":4},"end":{"line":223,"column":4}},{"start":{"line":223,"column":4},"end":{"line":223,"column":4}}]},"29":{"line":223,"type":"binary-expr","locations":[{"start":{"line":223,"column":8},"end":{"line":223,"column":30}},{"start":{"line":223,"column":34},"end":{"line":223,"column":54}}]},"30":{"line":243,"type":"if","locations":[{"start":{"line":243,"column":4},"end":{"line":243,"column":4}},{"start":{"line":243,"column":4},"end":{"line":243,"column":4}}]},"31":{"line":246,"type":"if","locations":[{"start":{"line":246,"column":4},"end":{"line":246,"column":4}},{"start":{"line":246,"column":4},"end":{"line":246,"column":4}}]}},"code":["\"use strict\";","/**"," * Copyright (C) 2016-2017 Michael Kourlas"," *"," * Licensed under the Apache License, Version 2.0 (the \"License\");"," * you may not use this file except in compliance with the License."," * You may obtain a copy of the License at"," *"," *   http://www.apache.org/licenses/LICENSE-2.0"," *"," * Unless required by applicable law or agreed to in writing, software"," * distributed under the License is distributed on an \"AS IS\" BASIS,"," * WITHOUT WARRANTIES OR CONDITIONS OF ANY KIND, either express or implied."," * See the License for the specific language governing permissions and"," * limitations under the License."," */","var xmlcreate_1 = require(\"xmlcreate\");","var options_1 = require(\"./options\");","var utils_1 = require(\"./utils\");","/**"," * Parses a string into XML."," *"," * @param str The string to parse into XML."," * @param parentElement The XML element or attribute that will contain the"," *                      string."," * @param options Options for parsing the string into XML."," *"," * @private"," */","function parseString(str, parentElement, options) {","    var requiresCdata = function (s) {","        return (options.cdataInvalidChars && (s.indexOf(\"<\") !== -1","            || s.indexOf(\"&\") !== -1))","            || options.cdataKeys.indexOf(parentElement.name) !== -1","            || options.cdataKeys.indexOf(\"*\") !== -1;","    };","    if (parentElement instanceof xmlcreate_1.XmlElement) {","        if (requiresCdata(str)) {","            var cdataStrs = str.split(\"]]>\");","            for (var i = 0; i < cdataStrs.length; i++) {","                if (requiresCdata(cdataStrs[i])) {","                    parentElement.cdata(cdataStrs[i]);","                }","                else {","                    parentElement.charData(cdataStrs[i]);","                }","                if (i < cdataStrs.length - 1) {","                    parentElement.charData(\"]]>\");","                }","            }","        }","        else {","            parentElement.charData(str);","        }","    }","    else {","        parentElement.text(str);","    }","}","/**"," * Parses an attribute into XML."," *"," * @param name The name of the attribute."," * @param value The value of the attribute."," * @param parentElement The XML element that will contain the string."," * @param options Options for parsing the attribute into XML."," *"," * @private"," */","function parseAttribute(name, value, parentElement, options) {","    var attribute = parentElement.attribute(name, \"\");","    if (utils_1.isPrimitive(value)) {","        parseString(utils_1.stringify(value), attribute, options);","    }","    else {","        throw new Error(\"attribute value for name '\" + name + \"' should be a\"","            + \" primitive (string, number, boolean, null, or\"","            + \" undefined)\");","    }","}","/**"," * Parses an object or Map entry into XML."," *"," * @param key The key associated with the object or Map entry."," * @param value The object or map entry."," * @param parentElement The XML element that will contain the object or map"," *                      entry."," * @param options Options for parsing the object or map entry into XML."," *"," * @private"," */","function parseObjectOrMapEntry(key, value, parentElement, options) {","    // Alias key","    if (key === options.aliasString) {","        if (!utils_1.isString(value)) {","            throw new Error(\"aliasString value for \" + value","                + \" should be a string\");","        }","        parentElement.name = value;","        return;","    }","    // Attributes key","    if (key.indexOf(options.attributeString) === 0) {","        if (utils_1.isObject(value)) {","            for (var _i = 0, _a = Object.keys(value); _i < _a.length; _i++) {","                var subkey = _a[_i];","                parseAttribute(subkey, value[subkey], parentElement, options);","            }","        }","        else {","            throw new Error(\"attributes object for \" + key + \" should be an\"","                + \" object\");","        }","        return;","    }","    // Value key","    if (key.indexOf(options.valueString) === 0) {","        if (utils_1.isPrimitive(value)) {","            parseValue(key, value, parentElement, options);","            return;","        }","        else {","            throw new Error(\"value \" + value + \" should be a primitive\"","                + \" (string, number, boolean, null, or undefined)\");","        }","    }","    // Standard handling (create new element for entry)","    var element = parentElement;","    if (!utils_1.isArray(value) && !utils_1.isSet(value)) {","        element = parentElement.element(key);","    }","    parseValue(key, value, element, options);","}","/**"," * Parses an Object or Map into XML."," *"," * @param objectOrMap The object or map to parse into XML."," * @param parentElement The XML element that will contain the object."," * @param options Options for parsing the object into XML."," *"," * @private"," */","function parseObjectOrMap(objectOrMap, parentElement, options) {","    if (utils_1.isMap(objectOrMap)) {","        objectOrMap.forEach(function (value, key) {","            parseObjectOrMapEntry(utils_1.stringify(key), value, parentElement, options);","        });","    }","    else {","        for (var _i = 0, _a = Object.keys(objectOrMap); _i < _a.length; _i++) {","            var key = _a[_i];","            parseObjectOrMapEntry(key, objectOrMap[key], parentElement, options);","        }","    }","}","/**"," * Parses an array or Set into XML."," *"," * @param key The key associated with the array or set to parse into XML."," * @param arrayOrSet The array or set to parse into XML."," * @param parentElement The XML element that will contain the function."," * @param options Options for parsing the array or set into XML."," *"," * @private"," */","function parseArrayOrSet(key, arrayOrSet, parentElement, options) {","    var arrayNameFunc;","    if (options.wrapHandlers.hasOwnProperty(\"*\")) {","        arrayNameFunc = options.wrapHandlers[\"*\"];","    }","    if (options.wrapHandlers.hasOwnProperty(key)) {","        arrayNameFunc = options.wrapHandlers[key];","    }","    var arrayKey = key;","    var arrayElement = parentElement;","    if (!utils_1.isUndefined(arrayNameFunc)) {","        var arrayNameFuncKey = arrayNameFunc(arrayKey, arrayOrSet);","        if (utils_1.isString(arrayNameFuncKey)) {","            arrayKey = arrayNameFuncKey;","            arrayElement = parentElement.element(key);","        }","        else if (!utils_1.isNull(arrayNameFuncKey)) {","            throw new Error(\"wrapHandlers function for \" + arrayKey","                + \" should return a string or null\");","        }","    }","    arrayOrSet.forEach(function (item) {","        var element = arrayElement;","        if (!utils_1.isArray(item) && !utils_1.isSet(item)) {","            element = arrayElement.element(arrayKey);","        }","        parseValue(arrayKey, item, element, options);","    });","}","/**"," * Parses an arbitrary JavaScript value into XML."," *"," * @param key The key associated with the value to parse into XML."," * @param value The value to parse into XML."," * @param parentElement The XML element that will contain the value."," * @param options Options for parsing the value into XML."," *"," * @private"," */","function parseValue(key, value, parentElement, options) {","    // If a handler for a particular type is user-defined, use that handler","    // instead of the defaults","    var type = Object.prototype.toString.call(value);","    var handler;","    if (options.typeHandlers.hasOwnProperty(\"*\")) {","        handler = options.typeHandlers[\"*\"];","    }","    if (options.typeHandlers.hasOwnProperty(type)) {","        handler = options.typeHandlers[type];","    }","    if (!utils_1.isUndefined(handler)) {","        value = handler(value);","    }","    if (utils_1.isObject(value) || utils_1.isMap(value)) {","        parseObjectOrMap(value, parentElement, options);","        return;","    }","    if (utils_1.isArray(value) || utils_1.isSet(value)) {","        parseArrayOrSet(key, value, parentElement, options);","        return;","    }","    parseString(utils_1.stringify(value), parentElement, options);","}","/**"," * Returns a XML document corresponding to the specified value."," *"," * @param root The name of the root XML element. When the value is converted to"," *             XML, it will be a child of this root element."," * @param value The value to convert to XML."," * @param options Options for parsing the value into XML."," *"," * @returns An XML document corresponding to the specified value."," *"," * @private"," */","function parseToDocument(root, value, options) {","    var document = new xmlcreate_1.XmlDocument(root);","    if (options.declaration.include) {","        document.decl(options.declaration);","    }","    if (options.dtd.include) {","        document.dtd(options.dtd.name, options.dtd.sysId, options.dtd.pubId);","    }","    parseValue(root, value, document.root(), options);","    return document;","}","/**"," * Returns a XML string representation of the specified object."," *"," * @param root The name of the root XML element. When the object is converted"," *             to XML, it will be a child of this root element."," * @param object The object to convert to XML."," * @param options Options for parsing the object and formatting the resulting"," *                XML."," *"," * @returns An XML string representation of the specified object."," */","function parse(root, object, options) {","    var opts = new options_1.Options(options);","    var document = parseToDocument(root, object, opts);","    return document.toString(opts.format);","}","exports.parse = parse;",""],"l":{"17":1,"18":1,"19":1,"30":1,"31":0,"32":0,"37":0,"38":0,"39":0,"40":0,"41":0,"42":0,"45":0,"47":0,"48":0,"53":0,"57":0,"70":1,"71":0,"72":0,"73":0,"76":0,"92":1,"94":0,"95":0,"96":0,"99":0,"100":0,"103":0,"104":0,"105":0,"106":0,"107":0,"111":0,"114":0,"117":0,"118":0,"119":0,"120":0,"123":0,"128":0,"129":0,"130":0,"132":0,"143":1,"144":0,"145":0,"146":0,"150":0,"151":0,"152":0,"166":1,"167":0,"168":0,"169":0,"171":0,"172":0,"174":0,"175":0,"176":0,"177":0,"178":0,"179":0,"180":0,"182":0,"183":0,"187":0,"188":0,"189":0,"190":0,"192":0,"205":1,"208":0,"209":0,"210":0,"211":0,"213":0,"214":0,"216":0,"217":0,"219":0,"220":0,"221":0,"223":0,"224":0,"225":0,"227":0,"241":1,"242":0,"243":0,"244":0,"246":0,"247":0,"249":0,"250":0,"263":1,"264":0,"265":0,"266":0,"268":1}},"/home/travis/build/npmtest/node-npmtest-js2xmlparser/node_modules/js2xmlparser/lib/options.js":{"path":"/home/travis/build/npmtest/node-npmtest-js2xmlparser/node_modules/js2xmlparser/lib/options.js","s":{"1":1,"2":1,"3":1,"4":0,"5":0,"6":0,"7":0,"8":0,"9":0,"10":0,"11":0,"12":0,"13":0,"14":0,"15":0,"16":0,"17":0,"18":0,"19":0,"20":0,"21":0,"22":0,"23":0,"24":0,"25":0,"26":0,"27":0,"28":0,"29":0,"30":0,"31":0,"32":0,"33":0,"34":0,"35":0,"36":0,"37":0,"38":1,"39":1,"40":1,"41":1,"42":0,"43":0,"44":0,"45":0,"46":0,"47":0,"48":0,"49":0,"50":0,"51":0,"52":0,"53":0,"54":1,"55":1,"56":1,"57":1,"58":0,"59":0,"60":0,"61":0,"62":0,"63":0,"64":0,"65":0,"66":0,"67":0,"68":0,"69":0,"70":1,"71":1,"72":1,"73":1,"74":0,"75":0,"76":0,"77":0,"78":0,"79":0,"80":0,"81":0,"82":1,"83":1,"84":1,"85":1,"86":0,"87":0,"88":0,"89":0,"90":0,"91":0,"92":0,"93":0,"94":0,"95":1,"96":1,"97":1,"98":1,"99":0,"100":0,"101":0,"102":0,"103":0,"104":0,"105":0,"106":0,"107":0,"108":1,"109":1},"b":{"1":[0,0],"2":[0,0],"3":[0,0],"4":[0,0],"5":[0,0],"6":[0,0],"7":[0,0],"8":[0,0],"9":[0,0],"10":[0,0],"11":[0,0],"12":[0,0],"13":[0,0],"14":[0,0],"15":[0,0],"16":[0,0],"17":[0,0],"18":[0,0],"19":[0,0],"20":[0,0],"21":[0,0],"22":[0,0],"23":[0,0],"24":[0,0],"25":[0,0],"26":[0,0],"27":[0,0],"28":[0,0],"29":[0,0],"30":[0,0]},"f":{"1":1,"2":0,"3":1,"4":0,"5":1,"6":0,"7":1,"8":0,"9":1,"10":0,"11":1,"12":0},"fnMap":{"1":{"name":"(anonymous_1)","line":24,"loc":{"start":{"line":24,"column":15},"end":{"line":24,"column":27}}},"2":{"name":"Options","line":25,"loc":{"start":{"line":25,"column":4},"end":{"line":25,"column":30}}},"3":{"name":"(anonymous_3)","line":95,"loc":{"start":{"line":95,"column":26},"end":{"line":95,"column":38}}},"4":{"name":"DeclarationOptions","line":96,"loc":{"start":{"line":96,"column":4},"end":{"line":96,"column":52}}},"5":{"name":"(anonymous_5)","line":126,"loc":{"start":{"line":126,"column":18},"end":{"line":126,"column":30}}},"6":{"name":"DtdOptions","line":127,"loc":{"start":{"line":127,"column":4},"end":{"line":127,"column":36}}},"7":{"name":"(anonymous_7)","line":156,"loc":{"start":{"line":156,"column":21},"end":{"line":156,"column":33}}},"8":{"name":"FormatOptions","line":157,"loc":{"start":{"line":157,"column":4},"end":{"line":157,"column":42}}},"9":{"name":"(anonymous_9)","line":178,"loc":{"start":{"line":178,"column":20},"end":{"line":178,"column":32}}},"10":{"name":"TypeHandlers","line":179,"loc":{"start":{"line":179,"column":4},"end":{"line":179,"column":40}}},"11":{"name":"(anonymous_11)","line":206,"loc":{"start":{"line":206,"column":20},"end":{"line":206,"column":32}}},"12":{"name":"WrapHandlers","line":207,"loc":{"start":{"line":207,"column":4},"end":{"line":207,"column":40}}}},"statementMap":{"1":{"start":{"line":17,"column":0},"end":{"line":17,"column":33}},"2":{"start":{"line":24,"column":0},"end":{"line":87,"column":5}},"3":{"start":{"line":25,"column":4},"end":{"line":85,"column":5}},"4":{"start":{"line":26,"column":8},"end":{"line":26,"column":49}},"5":{"start":{"line":26,"column":34},"end":{"line":26,"column":47}},"6":{"start":{"line":27,"column":8},"end":{"line":27,"column":31}},"7":{"start":{"line":28,"column":8},"end":{"line":28,"column":35}},"8":{"start":{"line":29,"column":8},"end":{"line":29,"column":39}},"9":{"start":{"line":30,"column":8},"end":{"line":30,"column":28}},"10":{"start":{"line":31,"column":8},"end":{"line":31,"column":31}},"11":{"start":{"line":32,"column":8},"end":{"line":34,"column":9}},"12":{"start":{"line":33,"column":12},"end":{"line":33,"column":76}},"13":{"start":{"line":35,"column":8},"end":{"line":43,"column":9}},"14":{"start":{"line":36,"column":12},"end":{"line":39,"column":13}},"15":{"start":{"line":37,"column":16},"end":{"line":38,"column":36}},"16":{"start":{"line":42,"column":12},"end":{"line":42,"column":51}},"17":{"start":{"line":44,"column":8},"end":{"line":52,"column":9}},"18":{"start":{"line":45,"column":12},"end":{"line":48,"column":13}},"19":{"start":{"line":46,"column":16},"end":{"line":47,"column":39}},"20":{"start":{"line":51,"column":12},"end":{"line":51,"column":59}},"21":{"start":{"line":53,"column":8},"end":{"line":61,"column":9}},"22":{"start":{"line":54,"
[...]
}}]},"29":{"line":214,"type":"if","locations":[{"start":{"line":214,"column":12},"end":{"line":214,"column":12}},{"start":{"line":214,"column":12},"end":{"line":214,"column":12}}]},"30":{"line":215,"type":"if","locations":[{"start":{"line":215,"column":16},"end":{"line":215,"column":16}},{"start":{"line":215,"column":16},"end":{"line":215,"column":16}}]}},"code":["/**"," * Copyright (C) 2016 Michael Kourlas"," *"," * Licensed under the Apache License, Version 2.0 (the \"License\");"," * you may not use this file except in compliance with the License."," * You may obtain a copy of the License at"," *"," *   http://www.apache.org/licenses/LICENSE-2.0"," *"," * Unless required by applicable law or agreed to in writing, software"," * distributed under the License is distributed on an \"AS IS\" BASIS,"," * WITHOUT WARRANTIES OR CONDITIONS OF ANY KIND, either express or implied."," * See the License for the specific language governing permissions and"," * limitations under the License."," */","\"use strict\";","var utils_1 = require(\"./utils\");","/**"," * Implementation of the IOptions interface used to provide default values"," * to fields."," *"," * @private"," */","var Options = (function () {","    function Options(options) {","        if (options === void 0) { options = {}; }","        this.aliasString = \"=\";","        this.attributeString = \"@\";","        this.cdataInvalidChars = false;","        this.cdataKeys = [];","        this.valueString = \"#\";","        if (!utils_1.isObject(options)) {","            throw new TypeError(\"options should be an Object or undefined\");","        }","        if (!utils_1.isString(options.aliasString)) {","            if (!utils_1.isUndefined(options.aliasString)) {","                throw new TypeError(\"options.aliasString should be a string or\"","                    + \" undefined\");","            }","        }","        else {","            this.aliasString = options.aliasString;","        }","        if (!utils_1.isString(options.attributeString)) {","            if (!utils_1.isUndefined(options.attributeString)) {","                throw new TypeError(\"options.attributeString should be a string\"","                    + \" or undefined\");","            }","        }","        else {","            this.attributeString = options.attributeString;","        }","        if (!utils_1.isBoolean(options.cdataInvalidChars)) {","            if (!utils_1.isUndefined(options.cdataInvalidChars)) {","                throw new TypeError(\"options.cdataInvalidChars should be a\"","                    + \" boolean or undefined\");","            }","        }","        else {","            this.cdataInvalidChars = options.cdataInvalidChars;","        }","        if (!utils_1.isStringArray(options.cdataKeys)) {","            if (!utils_1.isUndefined(options.cdataKeys)) {","                throw new TypeError(\"options.cdataKeys should be an Array or\" +","                    \" undefined\");","            }","        }","        else {","            this.cdataKeys = options.cdataKeys;","        }","        this.declaration = new DeclarationOptions(options.declaration);","        this.dtd = new DtdOptions(options.dtd);","        this.format = new FormatOptions(options.format);","        this.typeHandlers = new TypeHandlers(options.typeHandlers);","        if (!utils_1.isString(options.valueString)) {","            if (!utils_1.isUndefined(options.valueString)) {","                throw new TypeError(\"options.valueString should be a string\"","                    + \" or undefined\");","            }","        }","        else {","            this.valueString = options.valueString;","        }","        this.wrapHandlers = new WrapHandlers(options.wrapHandlers);","    }","    return Options;","}());","exports.Options = Options;","/**"," * Implementation of the IDeclarationOptions interface used to provide default"," * values to fields."," *"," * @private"," */","var DeclarationOptions = (function () {","    function DeclarationOptions(declarationOptions) {","        if (declarationOptions === void 0) { declarationOptions = {}; }","        this.include = true;","        if (!utils_1.isObject(declarationOptions)) {","            throw new TypeError(\"options.declaration should be an Object or\"","                + \" undefined\");","        }","        if (!utils_1.isBoolean(declarationOptions.include)) {","            if (!utils_1.isUndefined(declarationOptions.include)) {","                throw new TypeError(\"options.declaration.include should be a\"","                    + \" boolean or undefined\");","            }","        }","        else {","            this.include = declarationOptions.include;","        }","        // Validation performed by xmlcreate","        this.encoding = declarationOptions.encoding;","        this.standalone = declarationOptions.standalone;","        this.version = declarationOptions.version;","    }","    return DeclarationOptions;","}());","exports.DeclarationOptions = DeclarationOptions;","/**"," * Implementation of the IDtdOptions interface used to provide default values"," * to fields."," *"," * @private"," */","var DtdOptions = (function () {","    function DtdOptions(dtdOptions) {","        if (dtdOptions === void 0) { dtdOptions = {}; }","        this.include = false;","        if (!utils_1.isObject(dtdOptions)) {","            throw new TypeError(\"options.dtd should be an Object or undefined\");","        }","        if (!utils_1.isBoolean(dtdOptions.include)) {","            if (!utils_1.isUndefined(dtdOptions.include)) {","                throw new TypeError(\"options.dtd.include should be a boolean\"","                    + \" or undefined\");","            }","        }","        else {","            this.include = dtdOptions.include;","        }","        // Validation performed by xmlcreate","        this.name = dtdOptions.name;","        this.sysId = dtdOptions.sysId;","        this.pubId = dtdOptions.pubId;","    }","    return DtdOptions;","}());","exports.DtdOptions = DtdOptions;","/**"," * Implementation of the IFormatOptions interface used to provide default values"," * to fields."," *"," * @private"," */","var FormatOptions = (function () {","    function FormatOptions(formatOptions) {","        if (formatOptions === void 0) { formatOptions = {}; }","        if (!utils_1.isObject(formatOptions)) {","            throw new TypeError(\"options.format should be an Object or\"","                + \" undefined\");","        }","        // Validation performed by xmlcreate","        this.doubleQuotes = formatOptions.doubleQuotes;","        this.indent = formatOptions.indent;","        this.newline = formatOptions.newline;","        this.pretty = formatOptions.pretty;","    }","    return FormatOptions;","}());","exports.FormatOptions = FormatOptions;","/**"," * Implementation of the ITypeHandlers interface used to provide default values"," * to fields."," *"," * @private"," */","var TypeHandlers = (function () {","    function TypeHandlers(typeHandlers) {","        if (typeHandlers === void 0) { typeHandlers = {}; }","        if (!utils_1.isObject(typeHandlers)) {","            throw new TypeError(\"options.typeHandlers should be an Object or\"","                + \" undefined\");","        }","        for (var key in typeHandlers) {","            if (typeHandlers.hasOwnProperty(key)) {","                if (!utils_1.isFunction(typeHandlers[key])) {","                    throw new TypeError(\"options.typeHandlers['\" + key + \"']\" +","                        \" should be a Function\");","                }","                else {","                    this[key] = typeHandlers[key];","                }","            }","        }","    }","    return TypeHandlers;","}());","exports.TypeHandlers = TypeHandlers;","/**"," * Implementation of the IWrapHandlers interface used to provide default values"," * to fields."," *"," * @private"," */","var WrapHandlers = (function () {","    function WrapHandlers(wrapHandlers) {","        if (wrapHandlers === void 0) { wrapHandlers = {}; }","        if (!utils_1.isObject(wrapHandlers)) {","            throw new TypeError(\"options.wrapHandlers should be an Object or\"","                + \" undefined\");","        }","        for (var key in wrapHandlers) {","            if (wrapHandlers.hasOwnProperty(key)) {","                if (!utils_1.isFunction(wrapHandlers[key])) {","                    throw new TypeError(\"options.wrapHandlers['\" + key + \"']\" +","                        \" should be a Function\");","                }","                else {","                    this[key] = wrapHandlers[key];","                }","            }","        }","    }","    return WrapHandlers;","}());","exports.WrapHandlers = WrapHandlers;",""],"l":{"17":1,"24":1,"25":1,"26":0,"27":0,"28":0,"29":0,"30":0,"31":0,"32":0,"33":0,"35":0,"36":0,"37":0,"42":0,"44":0,"45":0,"46":0,"51":0,"53":0,"54":0,"55":0,"60":0,"62":0,"63":0,"64":0,"69":0,"71":0,"72":0,"73":0,"74":0,"75":0,"76":0,"77":0,"82":0,"84":0,"86":1,"88":1,"95":1,"96":1,"97":0,"98":0,"99":0,"100":0,"103":0,"104":0,"105":0,"110":0,"113":0,"114":0,"115":0,"117":1,"119":1,"126":1,"127":1,"128":0,"129":0,"130":0,"131":0,"133":0,"134":0,"135":0,"140":0,"143":0,"144":0,"145":0,"147":1,"149":1,"156":1,"157":1,"158":0,"159":0,"160":0,"164":0,"165":0,"166":0,"167":0,"169":1,"171":1,"178":1,"179":1,"180":0,"181":0,"182":0,"185":0,"186":0,"187":0,"188":0,"192":0,"197":1,"199":1,"206":1,"207":1,"208":0,"209":0,"210":0,"213":0,"214":0,"215":0,"216":0,"220":0,"225":1,"227":1}},"/home/travis/build/npmtest/node-npmtest-js2xmlparser/node_modules/js2xmlparser/lib/utils.js":{"path":"/home/travis/build/npmtest/node-npmtest-js2xmlparser/node_modules/js2xmlparser/lib/utils.js","s":{"1":1,"2":0,"3":1,"4":1,"5":0,"6":1,"7":1,"8":0,"9":1,"10":1,"11":0,"12":1,"13":1,"14":0,"15":1,"16":1,"17":0,"18":1,"19":1,"20":0,"21":1,"22":1,"23":0,"24":1,"25":1,"26":0,"27":0,"28":0,"29":0,"30":0,"31":0,"32":0,"33":1,"34":1,"35":0,"36":1,"37":1,"38":0,"39":1,"40":1,"41":0,"42":1,"43":1,"44":0,"45":0,"46":0,"47":0,"48":1},"b":{"1":[0,0,0,0,0],"2":[0,0],"3":[0,0],"4":[0,0],"5":[0,0],"6":[0,0]},"f":{"1":0,"2":0,"3":0,"4":0,"5":0,"6":0,"7":0,"8":0,"9":0,"10":0,"11":0,"12":0,"13":0},"fnMap":{"1":{"name":"isString","line":20,"loc":{"start":{"line":20,"column":0},"end":{"line":20,"column":23}}},"2":{"name":"isNumber","line":27,"loc":{"start":{"line":27,"column":0},"end":{"line":27,"column":23}}},"3":{"name":"isBoolean","line":34,"loc":{"start":{"line":34,"column":0},"end":{"line":34,"column":24}}},"4":{"name":"isUndefined","line":41,"loc":{"start":{"line":41,"column":0},"end":{"line":41,"column":26}}},"5":{"name":"isNull","line":48,"loc":{"start":{"line":48,"column":0},"end":{"line":48,"column":21}}},"6":{"name":"isPrimitive","line":55,"loc":{"start":{"line":55,"column":0},"end":{"line":55,"column":26}}},"7":{"name":"isObject","line":66,"loc":{"start":{"line":66,"column":0},"end":{"line":66,"column":23}}},"8":{"name":"isArray","line":73,"loc":{"start":{"line":73,"column":0},"end":{"line":73,"column":22}}},"9":{"name":"isStringArray","line":80,"loc":{"start":{"line":80,"column":0},"end":{"line":80,"column":28}}},"10":{"name":"isFunction","line":96,"loc":{"start":{"line":96,"column":0},"end":{"line":96,"column":25}}},"11":{"name":"isSet","line":103,"loc":{"start":{"line":103,"column":0},"end":{"line":103,"column":20}}},"12":{"name":"isMap","line":110,"loc":{"start":{"line":110,"column":0},"end":{"line":110,"column":20}}},"13":{"name":"stringify","line":125,"loc":{"start":{"line":125,"column":0},"end":{"line":125,"column":26}}}},"statementMap":{"1":{"start":{"line":20,"column":0},"end":{"line":22,"column":1}},"2":{"start":{"line":21,"column":4},"end":{"line":21,"column":69}},"3":{"start":{"line":23,"column":0},"end":{"line":23,"column":28}},"4":{"start":{"line":27,"column":0},"end":{"line":29,"column":1}},"5":{"start":{"line":28,"column":4},"end":{"line":28,"column":69}},"6":{"start":{"line":30,"column":0},"end":{"line":30,"column":28}},"7":{"start":{"line":34,"column":0},"end":{"line":36,"column":1}},"8":{"start":{"line":35,"column":4},"end":{"line":35,"column":70}},"9":{"start":{"line":37,"column":0},"end":{"line":37,"column":30}},"10":{"start":{"line":41,"column":0},"end":{"line":43,"column":1}},"11":{"start":{"line":42,"column":4},"end":{"line":42,"column":72}},"12":{"start":{"line":44,"column":0},"end":{"line":44,"column":34}},"13":{"start":{"line":48,"column":0},"end":{"line":50,"column":1}},"14":{"start":{"line":49,"column":4},"end":{"line":49,"column":67}},"15":{"start":{"line":51,"column":0},"end":{"line":51,"column":24}},"16":{"start":{"line":55,"column":0},"end":{"line":61,"column":1}},"17":{"start":{"line":56,"column":4},"end":{"line":60,"column":23}},"18":{"start":{"line":62,"column":0},"end":{"line":62,"column":34}},"19":{"start":{"line":66,"column":0},"end":{"line":68,"column":1}},"20":{"start":{"line":67,"column":4},"end":{"line":67,"column":69}},"21":{"start":{"line":69,"column":0},"end":{"line":69,"column":28}},"22":{"start":{"line":73,"column":0},"end":{"line":75,"column":1}},"23":{"start":{"line":74,"column":4},"end":{"line":74,"column":68}},"24":{"start":{"line":76,"column":0},"end":{"line":76,"column":26}},"25":{"start":{"line":80,"column":0},"end":{"line":91,"column":1}},"26":{"start":{"line":81,"column":4},"end":{"line":83,"column":5}},"27":{"start":{"line":82,"column":8},"end":{"line":82,"column":21}},"28":{"start":{"line":84,"column":4},"end":{"line":89,"column":5}},"29":{"start":{"line":85,"column":8},"end":{"line":85,"column":30}},"30":{"start":{"line":86,"column":8},"end":{"line":88,"column":9}},"31":{"start":{"line":87,"column":12},"end":{"line":87,"column":25}},"32":{"start":{"line":90,"column":4},"end":{"line":90,"column":16}},"33":{"start":{"line":92,"column":0},"end":{"line":92,"column":38}},"34":{"start":{"line":96,"column":0},"end":{"line":98,"column":1}},"35":{"start":{"line":97,"column":4},"end":{"line":97,"column":71}},"36":{"start":{"line":99,"column":0},"end":{"line":99,"column":32}},"37":{"start":{"line":103,"column":0},"end":{"line":105,"column":1}},"38":{"start":{"line":104,"column":4},"end":{"line":104,"column":66}},"39":{"start":{"line":106,"column":0},"end":{"line":106,"column":22}},"40":{"start":{"line":110,"column":0},"end":{"line":112,"column":1}},"41":{"start":{"line":111,"column":4},"end":{"line":111,"column":66}},"42":{"start":{"line":113,"column":0},"end":{"line":113,"column":22}},"43":{"start":{"line":125,"column":0},"end":{"line":132,"column":1}},"44":{"start":{"line":126,"column":4},"end":{"line":130,"column":5}},"45":{"start":{"line":127,"column":8},"end":{"line":129,"column":9}},"46":{"start":{"line":128,"column":12},"end":{"line":128,"column":37}},"47":{"start":{"line":131,"column":4},"end":{"line":131,"column":25}},"48":{"start":{"line":133,"column":0},"end":{"line":133,"column":30}}},"branchMap":{"1":{"line":56,"type":"binary-expr","locations":[{"start":{"line":56,"column":11},"end":{"line":56,"column":24}},{"start":{"line":57,"column":11},"end":{"line":57,"column":24}},{"start":{"line":58,"column":11},"end":{"line":58,"column":25}},{"start":{"line":59,"column":11},"end":{"line":59,"column":27}},{"start":{"line":60,"column":11},"end":{"line":60,"column":22}}]},"2":{"line":81,"type":"if","locations":[{"start":{"line":81,"column":4},"end":{"line":81,"column":4}},{"start":{"line":81,"column":4},"end":{"line":81,"column":4}}]},"3":{"line":86,"type":"if","locations":[{"start":{"line":86,"column":8},"end":{"line":86,"column":8}},{"start":{"line":86,"column":8},"end":{"line":86,"column":8}}]},"4":{"line":126,"type":"if","locations":[{"start":{"line":126,"column":4},"end":{"line":126,"column":4}},{"start":{"line":126,"column":4},"end":{"line":126,"column":4}}]},"5":{"line":126,"type":"binary-expr","locations":[{"start":{"line":126,"column":8},"end":{"line":126,"column":27}},{"start":{"line":126,"column":31},"end":{"line":126,"column":45}}]},"6":{"line":127,"type":"if","locations":[{"start":{"line":127,"column":8},"end":{"line":127,"column":8}},{"start":{"line":127,"column":8},"end":{"line":127,"column":8}}]}},"code":["/**"," * Copyright (C) 2016 Michael Kourlas"," *"," * Licensed under the Apache License, Version 2.0 (the \"License\");"," * you may not use this file except in compliance with the License."," * You may obtain a copy of the License at"," *"," *   http://www.apache.org/licenses/LICENSE-2.0"," *"," * Unless required by applicable law or agreed to in writing, software"," * distributed under the License is distributed on an \"AS IS\" BASIS,"," * WITHOUT WARRANTIES OR CONDITIONS OF ANY KIND, either express or implied."," * See the License for the specific language governing permissions and"," * limitations under the License."," */","\"use strict\";","/**"," * @private"," */","function isString(val) {","    return Object.prototype.toString.call(val) === \"[object String]\";","}","exports.isString = isString;","/**"," * @private"," */","function isNumber(val) {","    return Object.prototype.toString.call(val) === \"[object Number]\";","}","exports.isNumber = isNumber;","/**"," * @private"," */","function isBoolean(val) {","    return Object.prototype.toString.call(val) === \"[object Boolean]\";","}","exports.isBoolean = isBoolean;","/**"," * @private"," */","function isUndefined(val) {","    return Object.prototype.toString.call(val) === \"[object Undefined]\";","}","exports.isUndefined = isUndefined;","/**"," * @private"," */","function isNull(val) {","    return Object.prototype.toString.call(val) === \"[object Null]\";","}","exports.isNull = isNull;","/**"," * @private"," */","function isPrimitive(val) {","    return isString(val)","        || isNumber(val)","        || isBoolean(val)","        || isUndefined(val)","        || isNull(val);","}","exports.isPrimitive = isPrimitive;","/**"," * @private"," */","function isObject(val) {","    return Object.prototype.toString.call(val) === \"[object Object]\";","}","exports.isObject = isObject;","/**"," * @private"," */","function isArray(val) {","    return Object.prototype.toString.call(val) === \"[object Array]\";","}","exports.isArray = isArray;","/**"," * @private"," */","function isStringArray(val) {","    if (!isArray(val)) {","        return false;","    }","    for (var _i = 0, val_1 = val; _i < val_1.length; _i++) {","        var entry = val_1[_i];","        if (!isString(entry)) {","            return false;","        }","    }","    return true;","}","exports.isStringArray = isStringArray;","/**"," * @private"," */","function isFunction(val) {","    return Object.prototype.toString.call(val) === \"[object Function]\";","}","exports.isFunction = isFunction;","/**"," * @private"," */","function isSet(val) {","    return Object.prototype.toString.call(val) === \"[object Set]\";","}","exports.isSet = isSet;","/**"," * @private"," */","function isMap(val) {","    return Object.prototype.toString.call(val) === \"[object Map]\";","}","exports.isMap = isMap;","/**"," * Returns a string representation of the specified value, as given by the"," * value's toString() method (if it has one) or the global String() function"," * (if it does not)."," *"," * @param value The value to convert to a string."," *"," * @returns A string representation of the specified value."," *"," * @private"," */","function stringify(value) {","    if (!isUndefined(value) && !isNull(value)) {","        if (!isFunction(value.toString)) {","            value = value.toString();","        }","    }","    return String(value);","}","exports.stringify = stringify;",""],"l":{"20":1,"21":0,"23":1,"27":1,"28":0,"30":1,"34":1,"35":0,"37":1,"41":1,"42":0,"44":1,"48":1,"49":0,"51":1,"55":1,"56":0,"62":1,"66":1,"67":0,"69":1,"73":1,"74":0,"76":1,"80":1,"81":0,"82":0,"84":0,"85":0,"86":0,"87":0,"90":0,"92":1,"96":1,"97":0,"99":1,"103":1,"104":0,"106":1,"110":1,"111":0,"113":1,"125":1,"126":0,"127":0,"128":0,"131":0,"133":1}}}